{"name": "test_open_random_product", "status": "broken", "statusDetails": {"message": "selenium.common.exceptions.TimeoutException: Message:", "trace": "driver = <selenium.webdriver.chrome.webdriver.WebDriver (session=\"2f7f5c771b2993494c05329cf826d947\")>\n\n    def test_open_random_product(driver):\n        catalog_page = CatalogPage(driver)\n        catalog_page.open_catalog()\n>       catalog_page.open_random_product()\n\ntest_catalog.py:8: \n_ _ _ _ _ _ _ _ _ _ _ _ _ _ _ _ _ _ _ _ _ _ _ _ _ _ _ _ _ _ _ _ _ _ _ _ _ _ _ _ \n../pages/catalog_page.py:32: in open_random_product\n    self.close_popup()\n../pages/catalog_page.py:17: in close_popup\n    close_button = WebDriverWait(self.driver, 20).until(EC.element_to_be_clickable((By.XPATH, \"//button[contains(@class, 'close')]\")))\n_ _ _ _ _ _ _ _ _ _ _ _ _ _ _ _ _ _ _ _ _ _ _ _ _ _ _ _ _ _ _ _ _ _ _ _ _ _ _ _ \n\nself = <selenium.webdriver.support.wait.WebDriverWait (session=\"2f7f5c771b2993494c05329cf826d947\")>\nmethod = <function element_to_be_clickable.<locals>._predicate at 0x10239aa60>\nmessage = ''\n\n    def until(self, method: Callable[[D], Union[Literal[False], T]], message: str = \"\") -> T:\n        \"\"\"Calls the method provided with the driver as an argument until the \\\n        return value does not evaluate to ``False``.\n    \n        :param method: callable(WebDriver)\n        :param message: optional message for :exc:`TimeoutException`\n        :returns: the result of the last call to `method`\n        :raises: :exc:`selenium.common.exceptions.TimeoutException` if timeout occurs\n        \"\"\"\n        screen = None\n        stacktrace = None\n    \n        end_time = time.monotonic() + self._timeout\n        while True:\n            try:\n                value = method(self._driver)\n                if value:\n                    return value\n            except self._ignored_exceptions as exc:\n                screen = getattr(exc, \"screen\", None)\n                stacktrace = getattr(exc, \"stacktrace\", None)\n            if time.monotonic() > end_time:\n                break\n            time.sleep(self._poll)\n>       raise TimeoutException(message, screen, stacktrace)\nE       selenium.common.exceptions.TimeoutException: Message:\n\n../.venv/lib/python3.9/site-packages/selenium/webdriver/support/wait.py:105: TimeoutException"}, "start": 1735124696696, "stop": 1735124734605, "uuid": "bc8e44c5-5edf-494a-a3bb-f17bb1b70edb", "historyId": "4439ee7fea29a1a320b14db26187fbea", "testCaseId": "4439ee7fea29a1a320b14db26187fbea", "fullName": "tests.test_catalog#test_open_random_product", "labels": [{"name": "parentSuite", "value": "tests"}, {"name": "suite", "value": "test_catalog"}, {"name": "host", "value": "MacBook-Pro-Anton.local"}, {"name": "thread", "value": "35987-MainThread"}, {"name": "framework", "value": "pytest"}, {"name": "language", "value": "cpython3"}, {"name": "package", "value": "tests.test_catalog"}]}