{"name": "test_open_random_product", "status": "failed", "statusDetails": {"message": "AssertionError", "trace": "driver = <selenium.webdriver.chrome.webdriver.WebDriver (session=\"12a4611b431ee40ac4f48da6f1b835f7\")>\n\n    def test_open_random_product(driver):\n        catalog_page = CatalogPage(driver)\n        catalog_page.open_catalog()\n>       catalog_page.open_random_product()\n\ntest_catalog.py:8: \n_ _ _ _ _ _ _ _ _ _ _ _ _ _ _ _ _ _ _ _ _ _ _ _ _ _ _ _ _ _ _ _ _ _ _ _ _ _ _ _ \n\nself = <pages.catalog_page.CatalogPage object at 0x1103a8910>\n\n    def open_random_product(self):\n        WebDriverWait(self.driver, 10).until(EC.presence_of_all_elements_located((By.XPATH, \"//div[@class='catalog__item-title']\")))\n        time.sleep(5)\n        self.close_cookie()\n    \n        product_cards = self.driver.find_elements(By.XPATH, \"//div[@class='catalog__item-title']\")\n        random_card = random.choice(product_cards)\n        random_card.click()\n    \n        name = self.driver.find_element(By.XPATH,\"//a[@class = 'card__info-link']\").text\n        type = self.driver.find_element(By.XPATH,\"//span[@class = 'card__info-desc']\").text\n        price = self.driver.find_element(By.XPATH,\"//div[@class = 'card__info-price-text card__info-price-text--new']\").text\n    \n        self.click((By.XPATH, \"//div[@id='btn-add-to-favorite-text' and contains(@class, 'card__info-favorite-text')]\"))\n        time.sleep(2)\n        self.click((By.XPATH, \"//a[contains(@class, 'header__r-icons-link--favorite')]\"))\n    \n        name_fav = self.driver.find_element(By.XPATH,\"//div[@class = 'catalog__item-title']\").text\n        type_fav = self.driver.find_element(By.XPATH,\"//div[@class = 'catalog__item-desc']\").text\n        price_fav = self.driver.find_element(By.XPATH,\"//div[@class='catalog__item-price']//div[@class='catalog__item-price-new' and @itemprop='price']\").text\n    \n        assert name == name_fav\n        assert type == type_fav\n>       assert price == price_fav\nE       AssertionError\n\n../pages/catalog_page.py:42: AssertionError"}, "start": 1735208536634, "stop": 1735208582067, "uuid": "1355478d-b0e0-4a42-b323-82f746dbd3ee", "historyId": "4439ee7fea29a1a320b14db26187fbea", "testCaseId": "4439ee7fea29a1a320b14db26187fbea", "fullName": "tests.test_catalog#test_open_random_product", "labels": [{"name": "parentSuite", "value": "tests"}, {"name": "suite", "value": "test_catalog"}, {"name": "host", "value": "MacBook-Pro-Anton.local"}, {"name": "thread", "value": "44499-MainThread"}, {"name": "framework", "value": "pytest"}, {"name": "language", "value": "cpython3"}, {"name": "package", "value": "tests.test_catalog"}]}