{"name": "test_citilink", "status": "broken", "statusDetails": {"message": "selenium.common.exceptions.TimeoutException: Message: \nStacktrace:\n0   chromedriver                        0x0000000103347af0 cxxbridge1$str$ptr + 3651580\n1   chromedriver                        0x0000000103340340 cxxbridge1$str$ptr + 3620940\n2   chromedriver                        0x0000000102da84b4 cxxbridge1$string$len + 89224\n3   chromedriver                        0x0000000102dec898 cxxbridge1$string$len + 368748\n4   chromedriver                        0x0000000102e260fc cxxbridge1$string$len + 604368\n5   chromedriver                        0x0000000102de10b0 cxxbridge1$string$len + 321668\n6   chromedriver                        0x0000000102de1d00 cxxbridge1$string$len + 324820\n7   chromedriver                        0x0000000103312e34 cxxbridge1$str$ptr + 3435328\n8   chromedriver                        0x000000010331614c cxxbridge1$str$ptr + 3448408\n9   chromedriver                        0x00000001032fa1a8 cxxbridge1$str$ptr + 3333812\n10  chromedriver                        0x0000000103316a0c cxxbridge1$str$ptr + 3450648\n11  chromedriver                        0x00000001032eb9b4 cxxbridge1$str$ptr + 3274432\n12  chromedriver                        0x0000000103331120 cxxbridge1$str$ptr + 3558956\n13  chromedriver                        0x000000010333129c cxxbridge1$str$ptr + 3559336\n14  chromedriver                        0x000000010333ffb4 cxxbridge1$str$ptr + 3620032\n15  libsystem_pthread.dylib             0x00000001874b82e4 _pthread_start + 136\n16  libsystem_pthread.dylib             0x00000001874b30fc thread_start + 8", "trace": "browser = <selenium.webdriver.chrome.webdriver.WebDriver (session=\"dd3216a031f3bf9bef5869c263f77474\")>\n\n    def test_citilink(browser):\n        m_video = MVideo(browser)\n        m_video.open_main_page()\n>       m_video.open_catalog_and_add_to_cart()\n\ntest_catalog.py:56: \n_ _ _ _ _ _ _ _ _ _ _ _ _ _ _ _ _ _ _ _ _ _ _ _ _ _ _ _ _ _ _ _ _ _ _ _ _ _ _ _ \n../pages/mvideo.py:50: in open_catalog_and_add_to_cart\n    self.click(self.CATALOG_BTN)\n../pages/base_page.py:42: in click\n    element = WebDriverWait(self.driver, 10).until(EC.visibility_of_element_located(locator))\n_ _ _ _ _ _ _ _ _ _ _ _ _ _ _ _ _ _ _ _ _ _ _ _ _ _ _ _ _ _ _ _ _ _ _ _ _ _ _ _ \n\nself = <selenium.webdriver.support.wait.WebDriverWait (session=\"dd3216a031f3bf9bef5869c263f77474\")>\nmethod = <function visibility_of_element_located.<locals>._predicate at 0x103ba6b80>\nmessage = ''\n\n    def until(self, method: Callable[[D], Union[Literal[False], T]], message: str = \"\") -> T:\n        \"\"\"Calls the method provided with the driver as an argument until the \\\n        return value does not evaluate to ``False``.\n    \n        :param method: callable(WebDriver)\n        :param message: optional message for :exc:`TimeoutException`\n        :returns: the result of the last call to `method`\n        :raises: :exc:`selenium.common.exceptions.TimeoutException` if timeout occurs\n        \"\"\"\n        screen = None\n        stacktrace = None\n    \n        end_time = time.monotonic() + self._timeout\n        while True:\n            try:\n                value = method(self._driver)\n                if value:\n                    return value\n            except self._ignored_exceptions as exc:\n                screen = getattr(exc, \"screen\", None)\n                stacktrace = getattr(exc, \"stacktrace\", None)\n            if time.monotonic() > end_time:\n                break\n            time.sleep(self._poll)\n>       raise TimeoutException(message, screen, stacktrace)\nE       selenium.common.exceptions.TimeoutException: Message: \nE       Stacktrace:\nE       0   chromedriver                        0x0000000103347af0 cxxbridge1$str$ptr + 3651580\nE       1   chromedriver                        0x0000000103340340 cxxbridge1$str$ptr + 3620940\nE       2   chromedriver                        0x0000000102da84b4 cxxbridge1$string$len + 89224\nE       3   chromedriver                        0x0000000102dec898 cxxbridge1$string$len + 368748\nE       4   chromedriver                        0x0000000102e260fc cxxbridge1$string$len + 604368\nE       5   chromedriver                        0x0000000102de10b0 cxxbridge1$string$len + 321668\nE       6   chromedriver                        0x0000000102de1d00 cxxbridge1$string$len + 324820\nE       7   chromedriver                        0x0000000103312e34 cxxbridge1$str$ptr + 3435328\nE       8   chromedriver                        0x000000010331614c cxxbridge1$str$ptr + 3448408\nE       9   chromedriver                        0x00000001032fa1a8 cxxbridge1$str$ptr + 3333812\nE       10  chromedriver                        0x0000000103316a0c cxxbridge1$str$ptr + 3450648\nE       11  chromedriver                        0x00000001032eb9b4 cxxbridge1$str$ptr + 3274432\nE       12  chromedriver                        0x0000000103331120 cxxbridge1$str$ptr + 3558956\nE       13  chromedriver                        0x000000010333129c cxxbridge1$str$ptr + 3559336\nE       14  chromedriver                        0x000000010333ffb4 cxxbridge1$str$ptr + 3620032\nE       15  libsystem_pthread.dylib             0x00000001874b82e4 _pthread_start + 136\nE       16  libsystem_pthread.dylib             0x00000001874b30fc thread_start + 8\n\n../.venv/lib/python3.9/site-packages/selenium/webdriver/support/wait.py:105: TimeoutException"}, "steps": [{"name": "Открытие браузера", "status": "passed", "parameters": [{"name": "url", "value": "'https://www.citilink.ru/'"}], "start": 1736930638792, "stop": 1736930639977}, {"name": "Нажатие на элемент", "status": "broken", "statusDetails": {"message": "selenium.common.exceptions.TimeoutException: Message: \nStacktrace:\n0   chromedriver                        0x0000000103347af0 cxxbridge1$str$ptr + 3651580\n1   chromedriver                        0x0000000103340340 cxxbridge1$str$ptr + 3620940\n2   chromedriver                        0x0000000102da84b4 cxxbridge1$string$len + 89224\n3   chromedriver                        0x0000000102dec898 cxxbridge1$string$len + 368748\n4   chromedriver                        0x0000000102e260fc cxxbridge1$string$len + 604368\n5   chromedriver                        0x0000000102de10b0 cxxbridge1$string$len + 321668\n6   chromedriver                        0x0000000102de1d00 cxxbridge1$string$len + 324820\n7   chromedriver                        0x0000000103312e34 cxxbridge1$str$ptr + 3435328\n8   chromedriver                        0x000000010331614c cxxbridge1$str$ptr + 3448408\n9   chromedriver                        0x00000001032fa1a8 cxxbridge1$str$ptr + 3333812\n10  chromedriver                        0x0000000103316a0c cxxbridge1$str$ptr + 3450648\n11  chromedriver                        0x00000001032eb9b4 cxxbridge1$str$ptr + 3274432\n12  chromedriver                        0x0000000103331120 cxxbridge1$str$ptr + 3558956\n13  chromedriver                        0x000000010333129c cxxbridge1$str$ptr + 3559336\n14  chromedriver                        0x000000010333ffb4 cxxbridge1$str$ptr + 3620032\n15  libsystem_pthread.dylib             0x00000001874b82e4 _pthread_start + 136\n16  libsystem_pthread.dylib             0x00000001874b30fc thread_start + 8\n\n", "trace": "  File \"/Users/anton/python_projects/environments/lgcity/.venv/lib/python3.9/site-packages/allure_commons/_allure.py\", line 192, in impl\n    return func(*a, **kw)\n  File \"/Users/anton/python_projects/environments/lgcity/pages/base_page.py\", line 42, in click\n    element = WebDriverWait(self.driver, 10).until(EC.visibility_of_element_located(locator))\n  File \"/Users/anton/python_projects/environments/lgcity/.venv/lib/python3.9/site-packages/selenium/webdriver/support/wait.py\", line 105, in until\n    raise TimeoutException(message, screen, stacktrace)\n"}, "parameters": [{"name": "locator", "value": "('xpath', \"//span[@class='app-catalog-19y4hmw e1fnp08x0' and text()='Каталог товаров']\")"}], "start": 1736930639977, "stop": 1736930650295}], "start": 1736930638792, "stop": 1736930650303, "uuid": "29a09835-7b4a-4558-bc9e-b0b715f4310a", "historyId": "493a2ba499c2089f7e49432b9d7b051c", "testCaseId": "493a2ba499c2089f7e49432b9d7b051c", "fullName": "tests.test_catalog#test_citilink", "labels": [{"name": "parentSuite", "value": "tests"}, {"name": "suite", "value": "test_catalog"}, {"name": "host", "value": "MacBook-Pro-Anton.local"}, {"name": "thread", "value": "20509-MainThread"}, {"name": "framework", "value": "pytest"}, {"name": "language", "value": "cpython3"}, {"name": "package", "value": "tests.test_catalog"}]}