{"name": "test_weel_close", "status": "broken", "statusDetails": {"message": "selenium.common.exceptions.TimeoutException: Message: \nStacktrace:\n0   chromedriver                        0x00000001029f7af0 cxxbridge1$str$ptr + 3651580\n1   chromedriver                        0x00000001029f0340 cxxbridge1$str$ptr + 3620940\n2   chromedriver                        0x00000001024584b4 cxxbridge1$string$len + 89224\n3   chromedriver                        0x000000010249c898 cxxbridge1$string$len + 368748\n4   chromedriver                        0x00000001024d60fc cxxbridge1$string$len + 604368\n5   chromedriver                        0x00000001024910b0 cxxbridge1$string$len + 321668\n6   chromedriver                        0x0000000102491d00 cxxbridge1$string$len + 324820\n7   chromedriver                        0x00000001029c2e34 cxxbridge1$str$ptr + 3435328\n8   chromedriver                        0x00000001029c614c cxxbridge1$str$ptr + 3448408\n9   chromedriver                        0x00000001029aa1a8 cxxbridge1$str$ptr + 3333812\n10  chromedriver                        0x00000001029c6a0c cxxbridge1$str$ptr + 3450648\n11  chromedriver                        0x000000010299b9b4 cxxbridge1$str$ptr + 3274432\n12  chromedriver                        0x00000001029e1120 cxxbridge1$str$ptr + 3558956\n13  chromedriver                        0x00000001029e129c cxxbridge1$str$ptr + 3559336\n14  chromedriver                        0x00000001029effb4 cxxbridge1$str$ptr + 3620032\n15  libsystem_pthread.dylib             0x000000018febc2e4 _pthread_start + 136\n16  libsystem_pthread.dylib             0x000000018feb70fc thread_start + 8", "trace": "self = <tests.test_catalog.TestLGCity object at 0x1025863d0>\nbrowser = <selenium.webdriver.chrome.webdriver.WebDriver (session=\"5ded97450777e800332b25140c4cfd64\")>\n\n    def test_weel_close(self, browser):\n        page = WeelClose(browser)\n        page.open_catalog()\n>       page.open_random_product()\n\ntest_catalog.py:28: \n_ _ _ _ _ _ _ _ _ _ _ _ _ _ _ _ _ _ _ _ _ _ _ _ _ _ _ _ _ _ _ _ _ _ _ _ _ _ _ _ \n../pages/weel_close.py:31: in open_random_product\n    WebDriverWait(self.driver, 10).until(EC.visibility_of_element_located((By.XPATH, \"//button[@class='close js-close' and @style='opacity: 0.5;']\")))\n_ _ _ _ _ _ _ _ _ _ _ _ _ _ _ _ _ _ _ _ _ _ _ _ _ _ _ _ _ _ _ _ _ _ _ _ _ _ _ _ \n\nself = <selenium.webdriver.support.wait.WebDriverWait (session=\"5ded97450777e800332b25140c4cfd64\")>\nmethod = <function visibility_of_element_located.<locals>._predicate at 0x1025b9f70>\nmessage = ''\n\n    def until(self, method: Callable[[D], Union[Literal[False], T]], message: str = \"\") -> T:\n        \"\"\"Calls the method provided with the driver as an argument until the \\\n        return value does not evaluate to ``False``.\n    \n        :param method: callable(WebDriver)\n        :param message: optional message for :exc:`TimeoutException`\n        :returns: the result of the last call to `method`\n        :raises: :exc:`selenium.common.exceptions.TimeoutException` if timeout occurs\n        \"\"\"\n        screen = None\n        stacktrace = None\n    \n        end_time = time.monotonic() + self._timeout\n        while True:\n            try:\n                value = method(self._driver)\n                if value:\n                    return value\n            except self._ignored_exceptions as exc:\n                screen = getattr(exc, \"screen\", None)\n                stacktrace = getattr(exc, \"stacktrace\", None)\n            if time.monotonic() > end_time:\n                break\n            time.sleep(self._poll)\n>       raise TimeoutException(message, screen, stacktrace)\nE       selenium.common.exceptions.TimeoutException: Message: \nE       Stacktrace:\nE       0   chromedriver                        0x00000001029f7af0 cxxbridge1$str$ptr + 3651580\nE       1   chromedriver                        0x00000001029f0340 cxxbridge1$str$ptr + 3620940\nE       2   chromedriver                        0x00000001024584b4 cxxbridge1$string$len + 89224\nE       3   chromedriver                        0x000000010249c898 cxxbridge1$string$len + 368748\nE       4   chromedriver                        0x00000001024d60fc cxxbridge1$string$len + 604368\nE       5   chromedriver                        0x00000001024910b0 cxxbridge1$string$len + 321668\nE       6   chromedriver                        0x0000000102491d00 cxxbridge1$string$len + 324820\nE       7   chromedriver                        0x00000001029c2e34 cxxbridge1$str$ptr + 3435328\nE       8   chromedriver                        0x00000001029c614c cxxbridge1$str$ptr + 3448408\nE       9   chromedriver                        0x00000001029aa1a8 cxxbridge1$str$ptr + 3333812\nE       10  chromedriver                        0x00000001029c6a0c cxxbridge1$str$ptr + 3450648\nE       11  chromedriver                        0x000000010299b9b4 cxxbridge1$str$ptr + 3274432\nE       12  chromedriver                        0x00000001029e1120 cxxbridge1$str$ptr + 3558956\nE       13  chromedriver                        0x00000001029e129c cxxbridge1$str$ptr + 3559336\nE       14  chromedriver                        0x00000001029effb4 cxxbridge1$str$ptr + 3620032\nE       15  libsystem_pthread.dylib             0x000000018febc2e4 _pthread_start + 136\nE       16  libsystem_pthread.dylib             0x000000018feb70fc thread_start + 8\n\n../.venv/lib/python3.9/site-packages/selenium/webdriver/support/wait.py:105: TimeoutException"}, "steps": [{"name": "Открытие браузера", "status": "passed", "parameters": [{"name": "url", "value": "'https://lgcity.ru/outerwear/women/'"}], "start": 1735296105075, "stop": 1735296106010}, {"name": "Закрытие уведомления о Куках", "status": "passed", "start": 1735296114102, "stop": 1735296114156}, {"name": "Возврат на предидущую страницу", "status": "passed", "start": 1735296120991, "stop": 1735296121312}], "start": 1735296105075, "stop": 1735296141730, "uuid": "e58a20e3-dc03-42fc-82c9-8bc218d0f57b", "historyId": "eeb8973e97f062e2ab8bed7edf1a6a5c", "testCaseId": "eeb8973e97f062e2ab8bed7edf1a6a5c", "fullName": "tests.test_catalog.TestLGCity#test_weel_close", "labels": [{"name": "parentSuite", "value": "tests"}, {"name": "suite", "value": "test_catalog"}, {"name": "subSuite", "value": "TestLGCity"}, {"name": "host", "value": "MacBook-Pro-Anton.local"}, {"name": "thread", "value": "9161-MainThread"}, {"name": "framework", "value": "pytest"}, {"name": "language", "value": "cpython3"}, {"name": "package", "value": "tests.test_catalog"}]}