{"name": "test_price_filter", "status": "broken", "statusDetails": {"message": "selenium.common.exceptions.TimeoutException: Message:", "trace": "self = <tests.test_catalog.TestLGCity object at 0x1043f9a00>\nbrowser = <selenium.webdriver.chrome.webdriver.WebDriver (session=\"d64ae33c22023377f061273f524b4e25\")>\n\n    def test_price_filter(self, browser):\n        page = PriceFilter(browser)\n        page.open_catalog()\n        page.close_cookie()\n>       page.add_price_filter()\n\ntest_catalog.py:28: \n_ _ _ _ _ _ _ _ _ _ _ _ _ _ _ _ _ _ _ _ _ _ _ _ _ _ _ _ _ _ _ _ _ _ _ _ _ _ _ _ \n../pages/price_filter.py:24: in add_price_filter\n    self.enter_text(self.price_input_from, \"3000\")\n../pages/base_page.py:111: in enter_text\n    element = self.find_element(locator)\n../pages/base_page.py:35: in find_element\n    return self.wait.until(EC.visibility_of_element_located(locator))\n_ _ _ _ _ _ _ _ _ _ _ _ _ _ _ _ _ _ _ _ _ _ _ _ _ _ _ _ _ _ _ _ _ _ _ _ _ _ _ _ \n\nself = <selenium.webdriver.support.wait.WebDriverWait (session=\"d64ae33c22023377f061273f524b4e25\")>\nmethod = <function visibility_of_element_located.<locals>._predicate at 0x103ecaa60>\nmessage = ''\n\n    def until(self, method: Callable[[D], Union[Literal[False], T]], message: str = \"\") -> T:\n        \"\"\"Calls the method provided with the driver as an argument until the \\\n        return value does not evaluate to ``False``.\n    \n        :param method: callable(WebDriver)\n        :param message: optional message for :exc:`TimeoutException`\n        :returns: the result of the last call to `method`\n        :raises: :exc:`selenium.common.exceptions.TimeoutException` if timeout occurs\n        \"\"\"\n        screen = None\n        stacktrace = None\n    \n        end_time = time.monotonic() + self._timeout\n        while True:\n            try:\n                value = method(self._driver)\n                if value:\n                    return value\n            except self._ignored_exceptions as exc:\n                screen = getattr(exc, \"screen\", None)\n                stacktrace = getattr(exc, \"stacktrace\", None)\n            if time.monotonic() > end_time:\n                break\n            time.sleep(self._poll)\n>       raise TimeoutException(message, screen, stacktrace)\nE       selenium.common.exceptions.TimeoutException: Message:\n\n../.venv/lib/python3.9/site-packages/selenium/webdriver/support/wait.py:105: TimeoutException"}, "steps": [{"name": "Открытие каталога", "status": "passed", "steps": [{"name": "Открытие браузера", "status": "passed", "parameters": [{"name": "url", "value": "'https://lgcity.ru/outerwear/women/'"}], "start": 1736502807648, "stop": 1736502808529}], "start": 1736502807648, "stop": 1736502808529}, {"name": "Закрытие уведомления о Куках", "status": "passed", "steps": [{"name": "Нажатие на элемент", "status": "passed", "parameters": [{"name": "locator", "value": "('id', 'confirm-use-cookies')"}], "start": 1736502808529, "stop": 1736502816528}], "start": 1736502808529, "stop": 1736502816528}, {"name": "Фильтр по цене", "status": "broken", "statusDetails": {"message": "selenium.common.exceptions.TimeoutException: Message: \n\n", "trace": "  File \"/Users/anton/python_projects/environments/lgcity/.venv/lib/python3.9/site-packages/allure_commons/_allure.py\", line 192, in impl\n    return func(*a, **kw)\n  File \"/Users/anton/python_projects/environments/lgcity/pages/price_filter.py\", line 24, in add_price_filter\n    self.enter_text(self.price_input_from, \"3000\")\n  File \"/Users/anton/python_projects/environments/lgcity/pages/base_page.py\", line 111, in enter_text\n    element = self.find_element(locator)\n  File \"/Users/anton/python_projects/environments/lgcity/.venv/lib/python3.9/site-packages/allure_commons/_allure.py\", line 192, in impl\n    return func(*a, **kw)\n  File \"/Users/anton/python_projects/environments/lgcity/pages/base_page.py\", line 35, in find_element\n    return self.wait.until(EC.visibility_of_element_located(locator))\n  File \"/Users/anton/python_projects/environments/lgcity/.venv/lib/python3.9/site-packages/selenium/webdriver/support/wait.py\", line 105, in until\n    raise TimeoutException(message, screen, stacktrace)\n"}, "steps": [{"name": "Нажатие на элемент", "status": "passed", "parameters": [{"name": "locator", "value": "('xpath', \"//div[@class='filter__input-subtitle' and contains(text(), '₽')]\")"}], "start": 1736502816528, "stop": 1736502816582}, {"name": "Поиск элемента", "status": "passed", "parameters": [{"name": "locator", "value": "('xpath', \"//div[@class='filter__slider-input-box']/input[@class='filter__slider-input filter__slider-input--from']\")"}], "start": 1736502816582, "stop": 1736502817127}, {"name": "Поиск элемента", "status": "broken", "statusDetails": {"message": "selenium.common.exceptions.TimeoutException: Message: \n\n", "trace": "  File \"/Users/anton/python_projects/environments/lgcity/.venv/lib/python3.9/site-packages/allure_commons/_allure.py\", line 192, in impl\n    return func(*a, **kw)\n  File \"/Users/anton/python_projects/environments/lgcity/pages/base_page.py\", line 35, in find_element\n    return self.wait.until(EC.visibility_of_element_located(locator))\n  File \"/Users/anton/python_projects/environments/lgcity/.venv/lib/python3.9/site-packages/selenium/webdriver/support/wait.py\", line 105, in until\n    raise TimeoutException(message, screen, stacktrace)\n"}, "parameters": [{"name": "locator", "value": "('xpath', \"//div[@class='filter__slider-input-box']/input[@class='filter__slider-input filter__slider-input--from']\")"}], "start": 1736502817486, "stop": 1736502827989}], "start": 1736502816528, "stop": 1736502827994}], "start": 1736502807647, "stop": 1736502827995, "uuid": "46ad2828-3180-4f8a-82c4-32a97293678b", "historyId": "6e8423375086ef15fc66ee709370d6f3", "testCaseId": "6e8423375086ef15fc66ee709370d6f3", "fullName": "tests.test_catalog.TestLGCity#test_price_filter", "labels": [{"name": "parentSuite", "value": "tests"}, {"name": "suite", "value": "test_catalog"}, {"name": "subSuite", "value": "TestLGCity"}, {"name": "host", "value": "MacBook-Pro-Anton.local"}, {"name": "thread", "value": "44118-MainThread"}, {"name": "framework", "value": "pytest"}, {"name": "language", "value": "cpython3"}, {"name": "package", "value": "tests.test_catalog"}]}