{"name": "test_price_filter", "status": "broken", "statusDetails": {"message": "selenium.common.exceptions.InvalidSelectorException: Message: invalid selector\nfrom javascript error: {\"status\":32,\"value\":\"Unable to locate an element with the xpath expression //input[@class='filter__slider-input filter__slider-input--from'])[1] because of the following error:\\nSyntaxError: Failed to execute 'evaluate' on 'Document': The string '//input[@class='filter__slider-input filter__slider-input--from'])[1]' is not a valid XPath expression.\"}\n  (Session info: chrome=131.0.6778.265); For documentation on this error, please visit: https://www.selenium.dev/documentation/webdriver/troubleshooting/errors#invalid-selector-exception\nStacktrace:\n0   chromedriver                        0x0000000100d13af0 cxxbridge1$str$ptr + 3651580\n1   chromedriver                        0x0000000100d0c340 cxxbridge1$str$ptr + 3620940\n2   chromedriver                        0x00000001007744b4 cxxbridge1$string$len + 89224\n3   chromedriver                        0x0000000100779398 cxxbridge1$string$len + 109420\n4   chromedriver                        0x000000010077b3e8 cxxbridge1$string$len + 117692\n5   chromedriver                        0x000000010077b490 cxxbridge1$string$len + 117860\n6   chromedriver                        0x00000001007b85dc cxxbridge1$string$len + 368048\n7   chromedriver                        0x00000001007f20fc cxxbridge1$string$len + 604368\n8   chromedriver                        0x00000001007ad0b0 cxxbridge1$string$len + 321668\n9   chromedriver                        0x00000001007add00 cxxbridge1$string$len + 324820\n10  chromedriver                        0x0000000100cdee34 cxxbridge1$str$ptr + 3435328\n11  chromedriver                        0x0000000100ce214c cxxbridge1$str$ptr + 3448408\n12  chromedriver                        0x0000000100cc61a8 cxxbridge1$str$ptr + 3333812\n13  chromedriver                        0x0000000100ce2a0c cxxbridge1$str$ptr + 3450648\n14  chromedriver                        0x0000000100cb79b4 cxxbridge1$str$ptr + 3274432\n15  chromedriver                        0x0000000100cfd120 cxxbridge1$str$ptr + 3558956\n16  chromedriver                        0x0000000100cfd29c cxxbridge1$str$ptr + 3559336\n17  chromedriver                        0x0000000100d0bfb4 cxxbridge1$str$ptr + 3620032\n18  libsystem_pthread.dylib             0x000000018ab282e4 _pthread_start + 136\n19  libsystem_pthread.dylib             0x000000018ab230fc thread_start + 8", "trace": "self = <tests.test_catalog.TestLGCity object at 0x10241a7f0>\nbrowser = <selenium.webdriver.chrome.webdriver.WebDriver (session=\"f7176474b3a35cc98968fe117c924416\")>\n\n    def test_price_filter(self, browser):\n        page = PriceFilter(browser)\n        page.open_catalog()\n>       page.add_price_filter()\n\ntest_catalog.py:27: \n_ _ _ _ _ _ _ _ _ _ _ _ _ _ _ _ _ _ _ _ _ _ _ _ _ _ _ _ _ _ _ _ _ _ _ _ _ _ _ _ \n../pages/price_filter.py:26: in add_price_filter\n    WebDriverWait(self.driver, 10).until(EC.element_to_be_clickable((By.XPATH, \"//input[@class='filter__slider-input filter__slider-input--from'])[1]\"))).send_keys(\"3000\")\n../.venv/lib/python3.9/site-packages/selenium/webdriver/support/wait.py:96: in until\n    value = method(self._driver)\n../.venv/lib/python3.9/site-packages/selenium/webdriver/support/expected_conditions.py:363: in _predicate\n    target = driver.find_element(*target)  # grab element at locator\n../.venv/lib/python3.9/site-packages/selenium/webdriver/remote/webdriver.py:770: in find_element\n    return self.execute(Command.FIND_ELEMENT, {\"using\": by, \"value\": value})[\"value\"]\n../.venv/lib/python3.9/site-packages/selenium/webdriver/remote/webdriver.py:384: in execute\n    self.error_handler.check_response(response)\n_ _ _ _ _ _ _ _ _ _ _ _ _ _ _ _ _ _ _ _ _ _ _ _ _ _ _ _ _ _ _ _ _ _ _ _ _ _ _ _ \n\nself = <selenium.webdriver.remote.errorhandler.ErrorHandler object at 0x10241a520>\nresponse = {'status': 400, 'value': '{\"value\":{\"error\":\"invalid selector\",\"message\":\"invalid selector\\\\nfrom javascript error: {\\...00018ab282e4 _pthread_start + 136\\\\n19  libsystem_pthread.dylib             0x000000018ab230fc thread_start + 8\\\\n\"}}'}\n\n    def check_response(self, response: Dict[str, Any]) -> None:\n        \"\"\"Checks that a JSON response from the WebDriver does not have an\n        error.\n    \n        :Args:\n         - response - The JSON response from the WebDriver server as a dictionary\n           object.\n    \n        :Raises: If the response contains an error message.\n        \"\"\"\n        status = response.get(\"status\", None)\n        if not status or status == ErrorCode.SUCCESS:\n            return\n        value = None\n        message = response.get(\"message\", \"\")\n        screen: str = response.get(\"screen\", \"\")\n        stacktrace = None\n        if isinstance(status, int):\n            value_json = response.get(\"value\", None)\n            if value_json and isinstance(value_json, str):\n                import json\n    \n                try:\n                    value = json.loads(value_json)\n                    if len(value) == 1:\n                        value = value[\"value\"]\n                    status = value.get(\"error\", None)\n                    if not status:\n                        status = value.get(\"status\", ErrorCode.UNKNOWN_ERROR)\n                        message = value.get(\"value\") or value.get(\"message\")\n                        if not isinstance(message, str):\n                            value = message\n                            message = message.get(\"message\")\n                    else:\n                        message = value.get(\"message\", None)\n                except ValueError:\n                    pass\n    \n        exception_class: Type[WebDriverException]\n        e = ErrorCode()\n        error_codes = [item for item in dir(e) if not item.startswith(\"__\")]\n        for error_code in error_codes:\n            error_info = getattr(ErrorCode, error_code)\n            if isinstance(error_info, list) and status in error_info:\n                exception_class = getattr(ExceptionMapping, error_code, WebDriverException)\n                break\n        else:\n            exception_class = WebDriverException\n    \n        if not value:\n            value = response[\"value\"]\n        if isinstance(value, str):\n            raise exception_class(value)\n        if message == \"\" and \"message\" in value:\n            message = value[\"message\"]\n    \n        screen = None  # type: ignore[assignment]\n        if \"screen\" in value:\n            screen = value[\"screen\"]\n    \n        stacktrace = None\n        st_value = value.get(\"stackTrace\") or value.get(\"stacktrace\")\n        if st_value:\n            if isinstance(st_value, str):\n                stacktrace = st_value.split(\"\\n\")\n            else:\n                stacktrace = []\n                try:\n                    for frame in st_value:\n                        line = frame.get(\"lineNumber\", \"\")\n                        file = frame.get(\"fileName\", \"<anonymous>\")\n                        if line:\n                            file = f\"{file}:{line}\"\n                        meth = frame.get(\"methodName\", \"<anonymous>\")\n                        if \"className\" in frame:\n                            meth = f\"{frame['className']}.{meth}\"\n                        msg = \"    at %s (%s)\"\n                        msg = msg % (meth, file)\n                        stacktrace.append(msg)\n                except TypeError:\n                    pass\n        if exception_class == UnexpectedAlertPresentException:\n            alert_text = None\n            if \"data\" in value:\n                alert_text = value[\"data\"].get(\"text\")\n            elif \"alert\" in value:\n                alert_text = value[\"alert\"].get(\"text\")\n            raise exception_class(message, screen, stacktrace, alert_text)  # type: ignore[call-arg]  # mypy is not smart enough here\n>       raise exception_class(message, screen, stacktrace)\nE       selenium.common.exceptions.InvalidSelectorException: Message: invalid selector\nE       from javascript error: {\"status\":32,\"value\":\"Unable to locate an element with the xpath expression //input[@class='filter__slider-input filter__slider-input--from'])[1] because of the following error:\\nSyntaxError: Failed to execute 'evaluate' on 'Document': The string '//input[@class='filter__slider-input filter__slider-input--from'])[1]' is not a valid XPath expression.\"}\nE         (Session info: chrome=131.0.6778.265); For documentation on this error, please visit: https://www.selenium.dev/documentation/webdriver/troubleshooting/errors#invalid-selector-exception\nE       Stacktrace:\nE       0   chromedriver                        0x0000000100d13af0 cxxbridge1$str$ptr + 3651580\nE       1   chromedriver                        0x0000000100d0c340 cxxbridge1$str$ptr + 3620940\nE       2   chromedriver                        0x00000001007744b4 cxxbridge1$string$len + 89224\nE       3   chromedriver                        0x0000000100779398 cxxbridge1$string$len + 109420\nE       4   chromedriver                        0x000000010077b3e8 cxxbridge1$string$len + 117692\nE       5   chromedriver                        0x000000010077b490 cxxbridge1$string$len + 117860\nE       6   chromedriver                        0x00000001007b85dc cxxbridge1$string$len + 368048\nE       7   chromedriver                        0x00000001007f20fc cxxbridge1$string$len + 604368\nE       8   chromedriver                        0x00000001007ad0b0 cxxbridge1$string$len + 321668\nE       9   chromedriver                        0x00000001007add00 cxxbridge1$string$len + 324820\nE       10  chromedriver                        0x0000000100cdee34 cxxbridge1$str$ptr + 3435328\nE       11  chromedriver                        0x0000000100ce214c cxxbridge1$str$ptr + 3448408\nE       12  chromedriver                        0x0000000100cc61a8 cxxbridge1$str$ptr + 3333812\nE       13  chromedriver                        0x0000000100ce2a0c cxxbridge1$str$ptr + 3450648\nE       14  chromedriver                        0x0000000100cb79b4 cxxbridge1$str$ptr + 3274432\nE       15  chromedriver                        0x0000000100cfd120 cxxbridge1$str$ptr + 3558956\nE       16  chromedriver                        0x0000000100cfd29c cxxbridge1$str$ptr + 3559336\nE       17  chromedriver                        0x0000000100d0bfb4 cxxbridge1$str$ptr + 3620032\nE       18  libsystem_pthread.dylib             0x000000018ab282e4 _pthread_start + 136\nE       19  libsystem_pthread.dylib             0x000000018ab230fc thread_start + 8\n\n../.venv/lib/python3.9/site-packages/selenium/webdriver/remote/errorhandler.py:232: InvalidSelectorException"}, "steps": [{"name": "Открытие каталога", "status": "passed", "steps": [{"name": "Открытие браузера", "status": "passed", "parameters": [{"name": "url", "value": "'https://lgcity.ru/outerwear/women/'"}], "start": 1736496402201, "stop": 1736496403060}], "start": 1736496402201, "stop": 1736496403061}, {"name": "Фильтр по цене", "status": "broken", "statusDetails": {"message": "selenium.common.exceptions.InvalidSelectorException: Message: invalid selector\nfrom javascript error: {\"status\":32,\"value\":\"Unable to locate an element with the xpath expression //input[@class='filter__slider-input filter__slider-input--from'])[1] because of the following error:\\nSyntaxError: Failed to execute 'evaluate' on 'Document': The string '//input[@class='filter__slider-input filter__slider-input--from'])[1]' is not a valid XPath expression.\"}\n  (Session info: chrome=131.0.6778.265); For documentation on this error, please visit: https://www.selenium.dev/documentation/webdriver/troubleshooting/errors#invalid-selector-exception\nStacktrace:\n0   chromedriver                        0x0000000100d13af0 cxxbridge1$str$ptr + 3651580\n1   chromedriver                        0x0000000100d0c340 cxxbridge1$str$ptr + 3620940\n2   chromedriver                        0x00000001007744b4 cxxbridge1$string$len + 89224\n3   chromedriver                        0x0000000100779398 cxxbridge1$string$len + 109420\n4   chromedriver                        0x000000010077b3e8 cxxbridge1$string$len + 117692\n5   chromedriver                        0x000000010077b490 cxxbridge1$string$len + 117860\n6   chromedriver                        0x00000001007b85dc cxxbridge1$string$len + 368048\n7   chromedriver                        0x00000001007f20fc cxxbridge1$string$len + 604368\n8   chromedriver                        0x00000001007ad0b0 cxxbridge1$string$len + 321668\n9   chromedriver                        0x00000001007add00 cxxbridge1$string$len + 324820\n10  chromedriver                        0x0000000100cdee34 cxxbridge1$str$ptr + 3435328\n11  chromedriver                        0x0000000100ce214c cxxbridge1$str$ptr + 3448408\n12  chromedriver                        0x0000000100cc61a8 cxxbridge1$str$ptr + 3333812\n13  chromedriver                        0x0000000100ce2a0c cxxbridge1$str$ptr + 3450648\n14  chromedriver                        0x0000000100cb79b4 cxxbridge1$str$ptr + 3274432\n15  chromedriver                        0x0000000100cfd120 cxxbridge1$str$ptr + 3558956\n16  chromedriver                        0x0000000100cfd29c cxxbridge1$str$ptr + 3559336\n17  chromedriver                        0x0000000100d0bfb4 cxxbridge1$str$ptr + 3620032\n18  libsystem_pthread.dylib             0x000000018ab282e4 _pthread_start + 136\n19  libsystem_pthread.dylib             0x000000018ab230fc thread_start + 8\n\n", "trace": "  File \"/Users/anton/python_projects/environments/lgcity/.venv/lib/python3.9/site-packages/allure_commons/_allure.py\", line 192, in impl\n    return func(*a, **kw)\n  File \"/Users/anton/python_projects/environments/lgcity/pages/price_filter.py\", line 26, in add_price_filter\n    WebDriverWait(self.driver, 10).until(EC.element_to_be_clickable((By.XPATH, \"//input[@class='filter__slider-input filter__slider-input--from'])[1]\"))).send_keys(\"3000\")\n  File \"/Users/anton/python_projects/environments/lgcity/.venv/lib/python3.9/site-packages/selenium/webdriver/support/wait.py\", line 96, in until\n    value = method(self._driver)\n  File \"/Users/anton/python_projects/environments/lgcity/.venv/lib/python3.9/site-packages/selenium/webdriver/support/expected_conditions.py\", line 363, in _predicate\n    target = driver.find_element(*target)  # grab element at locator\n  File \"/Users/anton/python_projects/environments/lgcity/.venv/lib/python3.9/site-packages/selenium/webdriver/remote/webdriver.py\", line 770, in find_element\n    return self.execute(Command.FIND_ELEMENT, {\"using\": by, \"value\": value})[\"value\"]\n  File \"/Users/anton/python_projects/environments/lgcity/.venv/lib/python3.9/site-packages/selenium/webdriver/remote/webdriver.py\", line 384, in execute\n    self.error_handler.check_response(response)\n  File \"/Users/anton/python_projects/environments/lgcity/.venv/lib/python3.9/site-packages/selenium/webdriver/remote/errorhandler.py\", line 232, in check_response\n    raise exception_class(message, screen, stacktrace)\n"}, "steps": [{"name": "Закрытие уведомления о Куках", "status": "passed", "start": 1736496411062, "stop": 1736496411116}], "start": 1736496403061, "stop": 1736496411182}], "start": 1736496402201, "stop": 1736496411186, "uuid": "d01bd53c-3717-4a53-9b1e-ef2e3d82a58e", "historyId": "6e8423375086ef15fc66ee709370d6f3", "testCaseId": "6e8423375086ef15fc66ee709370d6f3", "fullName": "tests.test_catalog.TestLGCity#test_price_filter", "labels": [{"name": "parentSuite", "value": "tests"}, {"name": "suite", "value": "test_catalog"}, {"name": "subSuite", "value": "TestLGCity"}, {"name": "host", "value": "MacBook-Pro-Anton.local"}, {"name": "thread", "value": "40022-MainThread"}, {"name": "framework", "value": "pytest"}, {"name": "language", "value": "cpython3"}, {"name": "package", "value": "tests.test_catalog"}]}