{"name": "test_lgcity_catalog", "status": "broken", "statusDetails": {"message": "selenium.common.exceptions.TimeoutException: Message: \nStacktrace:\n0   chromedriver                        0x00000001053d7af0 cxxbridge1$str$ptr + 3651580\n1   chromedriver                        0x00000001053d0340 cxxbridge1$str$ptr + 3620940\n2   chromedriver                        0x0000000104e384b4 cxxbridge1$string$len + 89224\n3   chromedriver                        0x0000000104e7c898 cxxbridge1$string$len + 368748\n4   chromedriver                        0x0000000104eb60fc cxxbridge1$string$len + 604368\n5   chromedriver                        0x0000000104e710b0 cxxbridge1$string$len + 321668\n6   chromedriver                        0x0000000104e71d00 cxxbridge1$string$len + 324820\n7   chromedriver                        0x00000001053a2e34 cxxbridge1$str$ptr + 3435328\n8   chromedriver                        0x00000001053a614c cxxbridge1$str$ptr + 3448408\n9   chromedriver                        0x000000010538a1a8 cxxbridge1$str$ptr + 3333812\n10  chromedriver                        0x00000001053a6a0c cxxbridge1$str$ptr + 3450648\n11  chromedriver                        0x000000010537b9b4 cxxbridge1$str$ptr + 3274432\n12  chromedriver                        0x00000001053c1120 cxxbridge1$str$ptr + 3558956\n13  chromedriver                        0x00000001053c129c cxxbridge1$str$ptr + 3559336\n14  chromedriver                        0x00000001053cffb4 cxxbridge1$str$ptr + 3620032\n15  libsystem_pthread.dylib             0x000000018febc2e4 _pthread_start + 136\n16  libsystem_pthread.dylib             0x000000018feb70fc thread_start + 8", "trace": "self = <tests.test_catalog.TestLGCity object at 0x102d01340>\nbrowser = <selenium.webdriver.chrome.webdriver.WebDriver (session=\"bbe45bb7900fd669ad6be887d3dd57a6\")>\n\n    def test_lgcity_catalog(self, browser):\n        page = LGCityCatalog(browser)\n        page.open('https://lgcity.ru/underwear/brazilian/women/')\n>       size_text, name, type_of_product, new_price, old_price, code, color = page.forming_cart()\n\ntest_catalog.py:18: \n_ _ _ _ _ _ _ _ _ _ _ _ _ _ _ _ _ _ _ _ _ _ _ _ _ _ _ _ _ _ _ _ _ _ _ _ _ _ _ _ \n../pages/lgcity_catalog_page.py:40: in forming_cart\n    new_price = self.get_text(self.product_new_price)\n../pages/base_page.py:46: in get_text\n    return self.find_element(locator).text\n../pages/base_page.py:32: in find_element\n    return self.wait.until(EC.visibility_of_element_located(locator))\n_ _ _ _ _ _ _ _ _ _ _ _ _ _ _ _ _ _ _ _ _ _ _ _ _ _ _ _ _ _ _ _ _ _ _ _ _ _ _ _ \n\nself = <selenium.webdriver.support.wait.WebDriverWait (session=\"bbe45bb7900fd669ad6be887d3dd57a6\")>\nmethod = <function visibility_of_element_located.<locals>._predicate at 0x102c9aa60>\nmessage = ''\n\n    def until(self, method: Callable[[D], Union[Literal[False], T]], message: str = \"\") -> T:\n        \"\"\"Calls the method provided with the driver as an argument until the \\\n        return value does not evaluate to ``False``.\n    \n        :param method: callable(WebDriver)\n        :param message: optional message for :exc:`TimeoutException`\n        :returns: the result of the last call to `method`\n        :raises: :exc:`selenium.common.exceptions.TimeoutException` if timeout occurs\n        \"\"\"\n        screen = None\n        stacktrace = None\n    \n        end_time = time.monotonic() + self._timeout\n        while True:\n            try:\n                value = method(self._driver)\n                if value:\n                    return value\n            except self._ignored_exceptions as exc:\n                screen = getattr(exc, \"screen\", None)\n                stacktrace = getattr(exc, \"stacktrace\", None)\n            if time.monotonic() > end_time:\n                break\n            time.sleep(self._poll)\n>       raise TimeoutException(message, screen, stacktrace)\nE       selenium.common.exceptions.TimeoutException: Message: \nE       Stacktrace:\nE       0   chromedriver                        0x00000001053d7af0 cxxbridge1$str$ptr + 3651580\nE       1   chromedriver                        0x00000001053d0340 cxxbridge1$str$ptr + 3620940\nE       2   chromedriver                        0x0000000104e384b4 cxxbridge1$string$len + 89224\nE       3   chromedriver                        0x0000000104e7c898 cxxbridge1$string$len + 368748\nE       4   chromedriver                        0x0000000104eb60fc cxxbridge1$string$len + 604368\nE       5   chromedriver                        0x0000000104e710b0 cxxbridge1$string$len + 321668\nE       6   chromedriver                        0x0000000104e71d00 cxxbridge1$string$len + 324820\nE       7   chromedriver                        0x00000001053a2e34 cxxbridge1$str$ptr + 3435328\nE       8   chromedriver                        0x00000001053a614c cxxbridge1$str$ptr + 3448408\nE       9   chromedriver                        0x000000010538a1a8 cxxbridge1$str$ptr + 3333812\nE       10  chromedriver                        0x00000001053a6a0c cxxbridge1$str$ptr + 3450648\nE       11  chromedriver                        0x000000010537b9b4 cxxbridge1$str$ptr + 3274432\nE       12  chromedriver                        0x00000001053c1120 cxxbridge1$str$ptr + 3558956\nE       13  chromedriver                        0x00000001053c129c cxxbridge1$str$ptr + 3559336\nE       14  chromedriver                        0x00000001053cffb4 cxxbridge1$str$ptr + 3620032\nE       15  libsystem_pthread.dylib             0x000000018febc2e4 _pthread_start + 136\nE       16  libsystem_pthread.dylib             0x000000018feb70fc thread_start + 8\n\n../.venv/lib/python3.9/site-packages/selenium/webdriver/support/wait.py:105: TimeoutException"}, "steps": [{"name": "Открытие браузера", "status": "passed", "parameters": [{"name": "url", "value": "'https://lgcity.ru/underwear/brazilian/women/'"}], "start": 1735287233304, "stop": 1735287234129}, {"name": "Нажатие на ранжомный элемент", "status": "passed", "parameters": [{"name": "locator", "value": "('xpath', \"//div[@id='products-list']/a\")"}], "start": 1735287234129, "stop": 1735287241950}, {"name": "Поиск элемента", "status": "passed", "parameters": [{"name": "locator", "value": "('xpath', \"//label[@class='card__info-size-checkbox ']\")"}], "start": 1735287241950, "stop": 1735287242475}, {"name": "Закрытие уведомления о Куках", "status": "passed", "start": 1735287244540, "stop": 1735287244597}, {"name": "Поиск элемента", "status": "passed", "parameters": [{"name": "locator", "value": "('id', 'btn-add-to-cart')"}], "start": 1735287244597, "stop": 1735287244605}, {"name": "Нажатие на элемент", "status": "passed", "parameters": [{"name": "locator", "value": "('id', 'btn-add-to-cart')"}], "start": 1735287244605, "stop": 1735287245054}, {"name": "Получение текста", "status": "passed", "steps": [{"name": "Поиск элемента", "status": "passed", "parameters": [{"name": "locator", "value": "('xpath', \"//a[@class='card__info-link']\")"}], "start": 1735287245055, "stop": 1735287245065}], "parameters": [{"name": "locator", "value": "('xpath', \"//a[@class='card__info-link']\")"}], "start": 1735287245055, "stop": 1735287245070}, {"name": "Получение текста", "status": "passed", "steps": [{"name": "Поиск элемента", "status": "passed", "parameters": [{"name": "locator", "value": "('xpath', \"//div[@class='card__info-title']/span[@class='card__info-desc']\")"}], "start": 1735287245071, "stop": 1735287245080}], "parameters": [{"name": "locator", "value": "('xpath', \"//div[@class='card__info-title']/span[@class='card__info-desc']\")"}], "start": 1735287245071, "stop": 1735287245085}, {"name": "Получение текста", "status": "broken", "statusDetails": {"message": "selenium.common.exceptions.TimeoutException: Message: \nStacktrace:\n0   chromedriver                        0x00000001053d7af0 cxxbridge1$str$ptr + 3651580\n1   chromedriver                        0x00000001053d0340 cxxbridge1$str$ptr + 3620940\n2   chromedriver                        0x0000000104e384b4 cxxbridge1$string$len + 89224\n3   chromedriver                        0x0000000104e7c898 cxxbridge1$string$len + 368748\n4   chromedriver                        0x0000000104eb60fc cxxbridge1$string$len + 604368\n5   chromedriver                        0x0000000104e710b0 cxxbridge1$string$len + 321668\n6   chromedriver                        0x0000000104e71d00 cxxbridge1$string$len + 324820\n7   chromedriver                        0x00000001053a2e34 cxxbridge1$str$ptr + 3435328\n8   chromedriver                        0x00000001053a614c cxxbridge1$str$ptr + 3448408\n9   chromedriver                        0x000000010538a1a8 cxxbridge1$str$ptr + 3333812\n10  chromedriver                        0x00000001053a6a0c cxxbridge1$str$ptr + 3450648\n11  chromedriver                        0x000000010537b9b4 cxxbridge1$str$ptr + 3274432\n12  chromedriver                        0x00000001053c1120 cxxbridge1$str$ptr + 3558956\n13  chromedriver                        0x00000001053c129c cxxbridge1$str$ptr + 3559336\n14  chromedriver                        0x00000001053cffb4 cxxbridge1$str$ptr + 3620032\n15  libsystem_pthread.dylib             0x000000018febc2e4 _pthread_start + 136\n16  libsystem_pthread.dylib             0x000000018feb70fc thread_start + 8\n\n", "trace": "  File \"/Users/anton/python_projects/environments/lgcity/.venv/lib/python3.9/site-packages/allure_commons/_allure.py\", line 192, in impl\n    return func(*a, **kw)\n  File \"/Users/anton/python_projects/environments/lgcity/pages/base_page.py\", line 46, in get_text\n    return self.find_element(locator).text\n  File \"/Users/anton/python_projects/environments/lgcity/.venv/lib/python3.9/site-packages/allure_commons/_allure.py\", line 192, in impl\n    return func(*a, **kw)\n  File \"/Users/anton/python_projects/environments/lgcity/pages/base_page.py\", line 32, in find_element\n    return self.wait.until(EC.visibility_of_element_located(locator))\n  File \"/Users/anton/python_projects/environments/lgcity/.venv/lib/python3.9/site-packages/selenium/webdriver/support/wait.py\", line 105, in until\n    raise TimeoutException(message, screen, stacktrace)\n"}, "steps": [{"name": "Поиск элемента", "status": "broken", "statusDetails": {"message": "selenium.common.exceptions.TimeoutException: Message: \nStacktrace:\n0   chromedriver                        0x00000001053d7af0 cxxbridge1$str$ptr + 3651580\n1   chromedriver                        0x00000001053d0340 cxxbridge1$str$ptr + 3620940\n2   chromedriver                        0x0000000104e384b4 cxxbridge1$string$len + 89224\n3   chromedriver                        0x0000000104e7c898 cxxbridge1$string$len + 368748\n4   chromedriver                        0x0000000104eb60fc cxxbridge1$string$len + 604368\n5   chromedriver                        0x0000000104e710b0 cxxbridge1$string$len + 321668\n6   chromedriver                        0x0000000104e71d00 cxxbridge1$string$len + 324820\n7   chromedriver                        0x00000001053a2e34 cxxbridge1$str$ptr + 3435328\n8   chromedriver                        0x00000001053a614c cxxbridge1$str$ptr + 3448408\n9   chromedriver                        0x000000010538a1a8 cxxbridge1$str$ptr + 3333812\n10  chromedriver                        0x00000001053a6a0c cxxbridge1$str$ptr + 3450648\n11  chromedriver                        0x000000010537b9b4 cxxbridge1$str$ptr + 3274432\n12  chromedriver                        0x00000001053c1120 cxxbridge1$str$ptr + 3558956\n13  chromedriver                        0x00000001053c129c cxxbridge1$str$ptr + 3559336\n14  chromedriver                        0x00000001053cffb4 cxxbridge1$str$ptr + 3620032\n15  libsystem_pthread.dylib             0x000000018febc2e4 _pthread_start + 136\n16  libsystem_pthread.dylib             0x000000018feb70fc thread_start + 8\n\n", "trace": "  File \"/Users/anton/python_projects/environments/lgcity/.venv/lib/python3.9/site-packages/allure_commons/_allure.py\", line 192, in impl\n    return func(*a, **kw)\n  File \"/Users/anton/python_projects/environments/lgcity/pages/base_page.py\", line 32, in find_element\n    return self.wait.until(EC.visibility_of_element_located(locator))\n  File \"/Users/anton/python_projects/environments/lgcity/.venv/lib/python3.9/site-packages/selenium/webdriver/support/wait.py\", line 105, in until\n    raise TimeoutException(message, screen, stacktrace)\n"}, "parameters": [{"name": "locator", "value": "('xpath', \"//div[contains(@class, 'card__info-price-text--new')]\")"}], "start": 1735287245085, "stop": 1735287255458}], "parameters": [{"name": "locator", "value": "('xpath', \"//div[contains(@class, 'card__info-price-text--new')]\")"}], "start": 1735287245085, "stop": 1735287255465}], "start": 1735287233304, "stop": 1735287255465, "uuid": "b8e67976-38a2-4af1-ad95-55931365eb31", "historyId": "eec8589d905af398693ebf581e33c746", "testCaseId": "eec8589d905af398693ebf581e33c746", "fullName": "tests.test_catalog.TestLGCity#test_lgcity_catalog", "labels": [{"name": "parentSuite", "value": "tests"}, {"name": "suite", "value": "test_catalog"}, {"name": "subSuite", "value": "TestLGCity"}, {"name": "host", "value": "MacBook-Pro-Anton.local"}, {"name": "thread", "value": "6309-MainThread"}, {"name": "framework", "value": "pytest"}, {"name": "language", "value": "cpython3"}, {"name": "package", "value": "tests.test_catalog"}]}