{"name": "test_citi_filters", "status": "broken", "statusDetails": {"message": "selenium.common.exceptions.TimeoutException: Message: \nStacktrace:\n0   chromedriver                        0x0000000104a1baf0 cxxbridge1$str$ptr + 3651580\n1   chromedriver                        0x0000000104a14340 cxxbridge1$str$ptr + 3620940\n2   chromedriver                        0x000000010447c4b4 cxxbridge1$string$len + 89224\n3   chromedriver                        0x00000001044c0898 cxxbridge1$string$len + 368748\n4   chromedriver                        0x00000001044fa0fc cxxbridge1$string$len + 604368\n5   chromedriver                        0x00000001044b50b0 cxxbridge1$string$len + 321668\n6   chromedriver                        0x00000001044b5d00 cxxbridge1$string$len + 324820\n7   chromedriver                        0x00000001049e6e34 cxxbridge1$str$ptr + 3435328\n8   chromedriver                        0x00000001049ea14c cxxbridge1$str$ptr + 3448408\n9   chromedriver                        0x00000001049ce1a8 cxxbridge1$str$ptr + 3333812\n10  chromedriver                        0x00000001049eaa0c cxxbridge1$str$ptr + 3450648\n11  chromedriver                        0x00000001049bf9b4 cxxbridge1$str$ptr + 3274432\n12  chromedriver                        0x0000000104a05120 cxxbridge1$str$ptr + 3558956\n13  chromedriver                        0x0000000104a0529c cxxbridge1$str$ptr + 3559336\n14  chromedriver                        0x0000000104a13fb4 cxxbridge1$str$ptr + 3620032\n15  libsystem_pthread.dylib             0x00000001818242e4 _pthread_start + 136\n16  libsystem_pthread.dylib             0x000000018181f0fc thread_start + 8", "trace": "browser = <selenium.webdriver.chrome.webdriver.WebDriver (session=\"e55c433ca823549a77c8999169aaa7b9\")>\n\n    def test_citi_filters(browser):\n        citi_filters = CitiFilters(browser)\n>       citi_filters.apply_filters_and_check()\n\ntest_catalog.py:64: \n_ _ _ _ _ _ _ _ _ _ _ _ _ _ _ _ _ _ _ _ _ _ _ _ _ _ _ _ _ _ _ _ _ _ _ _ _ _ _ _ \n../pages/citi_filters.py:28: in apply_filters_and_check\n    self.click(self.CATALOG_BTN)  # Клик по кнопке каталога.\n../pages/base_page.py:35: in click\n    element = WebDriverWait(self.driver, 10).until(EC.visibility_of_element_located(locator))\n_ _ _ _ _ _ _ _ _ _ _ _ _ _ _ _ _ _ _ _ _ _ _ _ _ _ _ _ _ _ _ _ _ _ _ _ _ _ _ _ \n\nself = <selenium.webdriver.support.wait.WebDriverWait (session=\"e55c433ca823549a77c8999169aaa7b9\")>\nmethod = <function visibility_of_element_located.<locals>._predicate at 0x1028bab80>\nmessage = ''\n\n    def until(self, method: Callable[[D], Union[Literal[False], T]], message: str = \"\") -> T:\n        \"\"\"Calls the method provided with the driver as an argument until the \\\n        return value does not evaluate to ``False``.\n    \n        :param method: callable(WebDriver)\n        :param message: optional message for :exc:`TimeoutException`\n        :returns: the result of the last call to `method`\n        :raises: :exc:`selenium.common.exceptions.TimeoutException` if timeout occurs\n        \"\"\"\n        screen = None\n        stacktrace = None\n    \n        end_time = time.monotonic() + self._timeout\n        while True:\n            try:\n                value = method(self._driver)\n                if value:\n                    return value\n            except self._ignored_exceptions as exc:\n                screen = getattr(exc, \"screen\", None)\n                stacktrace = getattr(exc, \"stacktrace\", None)\n            if time.monotonic() > end_time:\n                break\n            time.sleep(self._poll)\n>       raise TimeoutException(message, screen, stacktrace)\nE       selenium.common.exceptions.TimeoutException: Message: \nE       Stacktrace:\nE       0   chromedriver                        0x0000000104a1baf0 cxxbridge1$str$ptr + 3651580\nE       1   chromedriver                        0x0000000104a14340 cxxbridge1$str$ptr + 3620940\nE       2   chromedriver                        0x000000010447c4b4 cxxbridge1$string$len + 89224\nE       3   chromedriver                        0x00000001044c0898 cxxbridge1$string$len + 368748\nE       4   chromedriver                        0x00000001044fa0fc cxxbridge1$string$len + 604368\nE       5   chromedriver                        0x00000001044b50b0 cxxbridge1$string$len + 321668\nE       6   chromedriver                        0x00000001044b5d00 cxxbridge1$string$len + 324820\nE       7   chromedriver                        0x00000001049e6e34 cxxbridge1$str$ptr + 3435328\nE       8   chromedriver                        0x00000001049ea14c cxxbridge1$str$ptr + 3448408\nE       9   chromedriver                        0x00000001049ce1a8 cxxbridge1$str$ptr + 3333812\nE       10  chromedriver                        0x00000001049eaa0c cxxbridge1$str$ptr + 3450648\nE       11  chromedriver                        0x00000001049bf9b4 cxxbridge1$str$ptr + 3274432\nE       12  chromedriver                        0x0000000104a05120 cxxbridge1$str$ptr + 3558956\nE       13  chromedriver                        0x0000000104a0529c cxxbridge1$str$ptr + 3559336\nE       14  chromedriver                        0x0000000104a13fb4 cxxbridge1$str$ptr + 3620032\nE       15  libsystem_pthread.dylib             0x00000001818242e4 _pthread_start + 136\nE       16  libsystem_pthread.dylib             0x000000018181f0fc thread_start + 8\n\n../.venv/lib/python3.9/site-packages/selenium/webdriver/support/wait.py:105: TimeoutException"}, "steps": [{"name": "Нажатие на элемент", "status": "broken", "statusDetails": {"message": "selenium.common.exceptions.TimeoutException: Message: \nStacktrace:\n0   chromedriver                        0x0000000104a1baf0 cxxbridge1$str$ptr + 3651580\n1   chromedriver                        0x0000000104a14340 cxxbridge1$str$ptr + 3620940\n2   chromedriver                        0x000000010447c4b4 cxxbridge1$string$len + 89224\n3   chromedriver                        0x00000001044c0898 cxxbridge1$string$len + 368748\n4   chromedriver                        0x00000001044fa0fc cxxbridge1$string$len + 604368\n5   chromedriver                        0x00000001044b50b0 cxxbridge1$string$len + 321668\n6   chromedriver                        0x00000001044b5d00 cxxbridge1$string$len + 324820\n7   chromedriver                        0x00000001049e6e34 cxxbridge1$str$ptr + 3435328\n8   chromedriver                        0x00000001049ea14c cxxbridge1$str$ptr + 3448408\n9   chromedriver                        0x00000001049ce1a8 cxxbridge1$str$ptr + 3333812\n10  chromedriver                        0x00000001049eaa0c cxxbridge1$str$ptr + 3450648\n11  chromedriver                        0x00000001049bf9b4 cxxbridge1$str$ptr + 3274432\n12  chromedriver                        0x0000000104a05120 cxxbridge1$str$ptr + 3558956\n13  chromedriver                        0x0000000104a0529c cxxbridge1$str$ptr + 3559336\n14  chromedriver                        0x0000000104a13fb4 cxxbridge1$str$ptr + 3620032\n15  libsystem_pthread.dylib             0x00000001818242e4 _pthread_start + 136\n16  libsystem_pthread.dylib             0x000000018181f0fc thread_start + 8\n\n", "trace": "  File \"/Users/anton/python_projects/environments/lgcity/.venv/lib/python3.9/site-packages/allure_commons/_allure.py\", line 192, in impl\n    return func(*a, **kw)\n  File \"/Users/anton/python_projects/environments/lgcity/pages/base_page.py\", line 35, in click\n    element = WebDriverWait(self.driver, 10).until(EC.visibility_of_element_located(locator))\n  File \"/Users/anton/python_projects/environments/lgcity/.venv/lib/python3.9/site-packages/selenium/webdriver/support/wait.py\", line 105, in until\n    raise TimeoutException(message, screen, stacktrace)\n"}, "parameters": [{"name": "locator", "value": "('xpath', \"//a[@data-meta-name='DesktopHeaderFixed__catalog-menu']\")"}], "start": 1737007721613, "stop": 1737007731913}], "start": 1737007721612, "stop": 1737007731918, "uuid": "5489cf83-b58e-4ed7-96fa-9cda6c68f64c", "historyId": "f685205f561b2955b77cd23aabfafb4a", "testCaseId": "f685205f561b2955b77cd23aabfafb4a", "fullName": "tests.test_catalog#test_citi_filters", "labels": [{"name": "parentSuite", "value": "tests"}, {"name": "suite", "value": "test_catalog"}, {"name": "host", "value": "MacBook-Pro-Anton.local"}, {"name": "thread", "value": "4143-MainThread"}, {"name": "framework", "value": "pytest"}, {"name": "language", "value": "cpython3"}, {"name": "package", "value": "tests.test_catalog"}]}