{"name": "test_lgcity_catalog", "status": "broken", "statusDetails": {"message": "selenium.common.exceptions.ElementClickInterceptedException: Message: element click intercepted: Element <button id=\"btn-add-to-cart\" class=\"button button--fill card__info-button\" data-offer-id=\"1193850\" data-product-id=\"1188660\">...</button> is not clickable at point (1148, 716). Other element would receive the click: <div class=\"wrapper\">...</div>\n  (Session info: chrome=131.0.6778.205)\nStacktrace:\n0   chromedriver                        0x00000001033b7af0 cxxbridge1$str$ptr + 3651580\n1   chromedriver                        0x00000001033b0340 cxxbridge1$str$ptr + 3620940\n2   chromedriver                        0x0000000102e184b4 cxxbridge1$string$len + 89224\n3   chromedriver                        0x0000000102e6212c cxxbridge1$string$len + 391424\n4   chromedriver                        0x0000000102e6077c cxxbridge1$string$len + 384848\n5   chromedriver                        0x0000000102e5e6c0 cxxbridge1$string$len + 376468\n6   chromedriver                        0x0000000102e5daf8 cxxbridge1$string$len + 373452\n7   chromedriver                        0x0000000102e52fbc cxxbridge1$string$len + 329616\n8   chromedriver                        0x0000000102e52a10 cxxbridge1$string$len + 328164\n9   chromedriver                        0x0000000102e960fc cxxbridge1$string$len + 604368\n10  chromedriver                        0x0000000102e510b0 cxxbridge1$string$len + 321668\n11  chromedriver                        0x0000000102e51d00 cxxbridge1$string$len + 324820\n12  chromedriver                        0x0000000103382e34 cxxbridge1$str$ptr + 3435328\n13  chromedriver                        0x000000010338614c cxxbridge1$str$ptr + 3448408\n14  chromedriver                        0x000000010336a1a8 cxxbridge1$str$ptr + 3333812\n15  chromedriver                        0x0000000103386a0c cxxbridge1$str$ptr + 3450648\n16  chromedriver                        0x000000010335b9b4 cxxbridge1$str$ptr + 3274432\n17  chromedriver                        0x00000001033a1120 cxxbridge1$str$ptr + 3558956\n18  chromedriver                        0x00000001033a129c cxxbridge1$str$ptr + 3559336\n19  chromedriver                        0x00000001033affb4 cxxbridge1$str$ptr + 3620032\n20  libsystem_pthread.dylib             0x000000018febc2e4 _pthread_start + 136\n21  libsystem_pthread.dylib             0x000000018feb70fc thread_start + 8", "trace": "self = <tests.test_catalog.TestLGCity object at 0x101b92a00>\nbrowser = <selenium.webdriver.chrome.webdriver.WebDriver (session=\"8981c73140737d84ecbe35fbeef0c5d0\")>\n\n    def test_lgcity_catalog(self, browser):\n        page = LGCityCatalog(browser)\n        page.open('https://lgcity.ru/shoes/women/')\n>       size_text, name, type_of_product, new_price, old_price, code, color = page.forming_cart()\n\ntest_catalog.py:18: \n_ _ _ _ _ _ _ _ _ _ _ _ _ _ _ _ _ _ _ _ _ _ _ _ _ _ _ _ _ _ _ _ _ _ _ _ _ _ _ _ \n../pages/lgcity_catalog_page.py:32: in forming_cart\n    self.click(self.btn_add_to_cart)\n../pages/base_page.py:40: in click\n    element.click()\n../.venv/lib/python3.9/site-packages/selenium/webdriver/remote/webelement.py:94: in click\n    self._execute(Command.CLICK_ELEMENT)\n../.venv/lib/python3.9/site-packages/selenium/webdriver/remote/webelement.py:395: in _execute\n    return self._parent.execute(command, params)\n../.venv/lib/python3.9/site-packages/selenium/webdriver/remote/webdriver.py:384: in execute\n    self.error_handler.check_response(response)\n_ _ _ _ _ _ _ _ _ _ _ _ _ _ _ _ _ _ _ _ _ _ _ _ _ _ _ _ _ _ _ _ _ _ _ _ _ _ _ _ \n\nself = <selenium.webdriver.remote.errorhandler.ErrorHandler object at 0x101b928e0>\nresponse = {'status': 400, 'value': '{\"value\":{\"error\":\"element click intercepted\",\"message\":\"element click intercepted: Element ...00018febc2e4 _pthread_start + 136\\\\n21  libsystem_pthread.dylib             0x000000018feb70fc thread_start + 8\\\\n\"}}'}\n\n    def check_response(self, response: Dict[str, Any]) -> None:\n        \"\"\"Checks that a JSON response from the WebDriver does not have an\n        error.\n    \n        :Args:\n         - response - The JSON response from the WebDriver server as a dictionary\n           object.\n    \n        :Raises: If the response contains an error message.\n        \"\"\"\n        status = response.get(\"status\", None)\n        if not status or status == ErrorCode.SUCCESS:\n            return\n        value = None\n        message = response.get(\"message\", \"\")\n        screen: str = response.get(\"screen\", \"\")\n        stacktrace = None\n        if isinstance(status, int):\n            value_json = response.get(\"value\", None)\n            if value_json and isinstance(value_json, str):\n                import json\n    \n                try:\n                    value = json.loads(value_json)\n                    if len(value) == 1:\n                        value = value[\"value\"]\n                    status = value.get(\"error\", None)\n                    if not status:\n                        status = value.get(\"status\", ErrorCode.UNKNOWN_ERROR)\n                        message = value.get(\"value\") or value.get(\"message\")\n                        if not isinstance(message, str):\n                            value = message\n                            message = message.get(\"message\")\n                    else:\n                        message = value.get(\"message\", None)\n                except ValueError:\n                    pass\n    \n        exception_class: Type[WebDriverException]\n        e = ErrorCode()\n        error_codes = [item for item in dir(e) if not item.startswith(\"__\")]\n        for error_code in error_codes:\n            error_info = getattr(ErrorCode, error_code)\n            if isinstance(error_info, list) and status in error_info:\n                exception_class = getattr(ExceptionMapping, error_code, WebDriverException)\n                break\n        else:\n            exception_class = WebDriverException\n    \n        if not value:\n            value = response[\"value\"]\n        if isinstance(value, str):\n            raise exception_class(value)\n        if message == \"\" and \"message\" in value:\n            message = value[\"message\"]\n    \n        screen = None  # type: ignore[assignment]\n        if \"screen\" in value:\n            screen = value[\"screen\"]\n    \n        stacktrace = None\n        st_value = value.get(\"stackTrace\") or value.get(\"stacktrace\")\n        if st_value:\n            if isinstance(st_value, str):\n                stacktrace = st_value.split(\"\\n\")\n            else:\n                stacktrace = []\n                try:\n                    for frame in st_value:\n                        line = frame.get(\"lineNumber\", \"\")\n                        file = frame.get(\"fileName\", \"<anonymous>\")\n                        if line:\n                            file = f\"{file}:{line}\"\n                        meth = frame.get(\"methodName\", \"<anonymous>\")\n                        if \"className\" in frame:\n                            meth = f\"{frame['className']}.{meth}\"\n                        msg = \"    at %s (%s)\"\n                        msg = msg % (meth, file)\n                        stacktrace.append(msg)\n                except TypeError:\n                    pass\n        if exception_class == UnexpectedAlertPresentException:\n            alert_text = None\n            if \"data\" in value:\n                alert_text = value[\"data\"].get(\"text\")\n            elif \"alert\" in value:\n                alert_text = value[\"alert\"].get(\"text\")\n            raise exception_class(message, screen, stacktrace, alert_text)  # type: ignore[call-arg]  # mypy is not smart enough here\n>       raise exception_class(message, screen, stacktrace)\nE       selenium.common.exceptions.ElementClickInterceptedException: Message: element click intercepted: Element <button id=\"btn-add-to-cart\" class=\"button button--fill card__info-button\" data-offer-id=\"1193850\" data-product-id=\"1188660\">...</button> is not clickable at point (1148, 716). Other element would receive the click: <div class=\"wrapper\">...</div>\nE         (Session info: chrome=131.0.6778.205)\nE       Stacktrace:\nE       0   chromedriver                        0x00000001033b7af0 cxxbridge1$str$ptr + 3651580\nE       1   chromedriver                        0x00000001033b0340 cxxbridge1$str$ptr + 3620940\nE       2   chromedriver                        0x0000000102e184b4 cxxbridge1$string$len + 89224\nE       3   chromedriver                        0x0000000102e6212c cxxbridge1$string$len + 391424\nE       4   chromedriver                        0x0000000102e6077c cxxbridge1$string$len + 384848\nE       5   chromedriver                        0x0000000102e5e6c0 cxxbridge1$string$len + 376468\nE       6   chromedriver                        0x0000000102e5daf8 cxxbridge1$string$len + 373452\nE       7   chromedriver                        0x0000000102e52fbc cxxbridge1$string$len + 329616\nE       8   chromedriver                        0x0000000102e52a10 cxxbridge1$string$len + 328164\nE       9   chromedriver                        0x0000000102e960fc cxxbridge1$string$len + 604368\nE       10  chromedriver                        0x0000000102e510b0 cxxbridge1$string$len + 321668\nE       11  chromedriver                        0x0000000102e51d00 cxxbridge1$string$len + 324820\nE       12  chromedriver                        0x0000000103382e34 cxxbridge1$str$ptr + 3435328\nE       13  chromedriver                        0x000000010338614c cxxbridge1$str$ptr + 3448408\nE       14  chromedriver                        0x000000010336a1a8 cxxbridge1$str$ptr + 3333812\nE       15  chromedriver                        0x0000000103386a0c cxxbridge1$str$ptr + 3450648\nE       16  chromedriver                        0x000000010335b9b4 cxxbridge1$str$ptr + 3274432\nE       17  chromedriver                        0x00000001033a1120 cxxbridge1$str$ptr + 3558956\nE       18  chromedriver                        0x00000001033a129c cxxbridge1$str$ptr + 3559336\nE       19  chromedriver                        0x00000001033affb4 cxxbridge1$str$ptr + 3620032\nE       20  libsystem_pthread.dylib             0x000000018febc2e4 _pthread_start + 136\nE       21  libsystem_pthread.dylib             0x000000018feb70fc thread_start + 8\n\n../.venv/lib/python3.9/site-packages/selenium/webdriver/remote/errorhandler.py:232: ElementClickInterceptedException"}, "steps": [{"name": "Открытие браузера", "status": "passed", "parameters": [{"name": "url", "value": "'https://lgcity.ru/shoes/women/'"}], "start": 1735286311681, "stop": 1735286312277}, {"name": "Закрытие уведомления о Куках", "status": "broken", "statusDetails": {"message": "selenium.common.exceptions.NoSuchElementException: Message: no such element: Unable to locate element: {\"method\":\"xpath\",\"selector\":\"//button[@class = 'button button--fill button--cookie-close']\"}\n  (Session info: chrome=131.0.6778.205); For documentation on this error, please visit: https://www.selenium.dev/documentation/webdriver/troubleshooting/errors#no-such-element-exception\nStacktrace:\n0   chromedriver                        0x00000001033b7af0 cxxbridge1$str$ptr + 3651580\n1   chromedriver                        0x00000001033b0340 cxxbridge1$str$ptr + 3620940\n2   chromedriver                        0x0000000102e184b4 cxxbridge1$string$len + 89224\n3   chromedriver                        0x0000000102e5c898 cxxbridge1$string$len + 368748\n4   chromedriver                        0x0000000102e960fc cxxbridge1$string$len + 604368\n5   chromedriver                        0x0000000102e510b0 cxxbridge1$string$len + 321668\n6   chromedriver                        0x0000000102e51d00 cxxbridge1$string$len + 324820\n7   chromedriver                        0x0000000103382e34 cxxbridge1$str$ptr + 3435328\n8   chromedriver                        0x000000010338614c cxxbridge1$str$ptr + 3448408\n9   chromedriver                        0x000000010336a1a8 cxxbridge1$str$ptr + 3333812\n10  chromedriver                        0x0000000103386a0c cxxbridge1$str$ptr + 3450648\n11  chromedriver                        0x000000010335b9b4 cxxbridge1$str$ptr + 3274432\n12  chromedriver                        0x00000001033a1120 cxxbridge1$str$ptr + 3558956\n13  chromedriver                        0x00000001033a129c cxxbridge1$str$ptr + 3559336\n14  chromedriver                        0x00000001033affb4 cxxbridge1$str$ptr + 3620032\n15  libsystem_pthread.dylib             0x000000018febc2e4 _pthread_start + 136\n16  libsystem_pthread.dylib             0x000000018feb70fc thread_start + 8\n\n", "trace": "  File \"/Users/anton/python_projects/environments/lgcity/.venv/lib/python3.9/site-packages/allure_commons/_allure.py\", line 192, in impl\n    return func(*a, **kw)\n  File \"/Users/anton/python_projects/environments/lgcity/pages/base_page.py\", line 22, in close_cookie\n    self.driver.find_element(By.XPATH, \"//button[@class = 'button button--fill button--cookie-close']\").click()\n  File \"/Users/anton/python_projects/environments/lgcity/.venv/lib/python3.9/site-packages/selenium/webdriver/remote/webdriver.py\", line 770, in find_element\n    return self.execute(Command.FIND_ELEMENT, {\"using\": by, \"value\": value})[\"value\"]\n  File \"/Users/anton/python_projects/environments/lgcity/.venv/lib/python3.9/site-packages/selenium/webdriver/remote/webdriver.py\", line 384, in execute\n    self.error_handler.check_response(response)\n  File \"/Users/anton/python_projects/environments/lgcity/.venv/lib/python3.9/site-packages/selenium/webdriver/remote/errorhandler.py\", line 232, in check_response\n    raise exception_class(message, screen, stacktrace)\n"}, "start": 1735286312277, "stop": 1735286312286}, {"name": "Нажатие на ранжомный элемент", "status": "passed", "parameters": [{"name": "locator", "value": "('xpath', \"//div[@id='products-list']/a\")"}], "start": 1735286312292, "stop": 1735286320407}, {"name": "Поиск элемента", "status": "passed", "parameters": [{"name": "locator", "value": "('xpath', \"//label[@class='card__info-size-checkbox ']\")"}], "start": 1735286320407, "stop": 1735286320936}, {"name": "Поиск элемента", "status": "passed", "parameters": [{"name": "locator", "value": "('id', 'btn-add-to-cart')"}], "start": 1735286322997, "stop": 1735286323018}, {"name": "Нажатие на элемент", "status": "broken", "statusDetails": {"message": "selenium.common.exceptions.ElementClickInterceptedException: Message: element click intercepted: Element <button id=\"btn-add-to-cart\" class=\"button button--fill card__info-button\" data-offer-id=\"1193850\" data-product-id=\"1188660\">...</button> is not clickable at point (1148, 716). Other element would receive the click: <div class=\"wrapper\">...</div>\n  (Session info: chrome=131.0.6778.205)\nStacktrace:\n0   chromedriver                        0x00000001033b7af0 cxxbridge1$str$ptr + 3651580\n1   chromedriver                        0x00000001033b0340 cxxbridge1$str$ptr + 3620940\n2   chromedriver                        0x0000000102e184b4 cxxbridge1$string$len + 89224\n3   chromedriver                        0x0000000102e6212c cxxbridge1$string$len + 391424\n4   chromedriver                        0x0000000102e6077c cxxbridge1$string$len + 384848\n5   chromedriver                        0x0000000102e5e6c0 cxxbridge1$string$len + 376468\n6   chromedriver                        0x0000000102e5daf8 cxxbridge1$string$len + 373452\n7   chromedriver                        0x0000000102e52fbc cxxbridge1$string$len + 329616\n8   chromedriver                        0x0000000102e52a10 cxxbridge1$string$len + 328164\n9   chromedriver                        0x0000000102e960fc cxxbridge1$string$len + 604368\n10  chromedriver                        0x0000000102e510b0 cxxbridge1$string$len + 321668\n11  chromedriver                        0x0000000102e51d00 cxxbridge1$string$len + 324820\n12  chromedriver                        0x0000000103382e34 cxxbridge1$str$ptr + 3435328\n13  chromedriver                        0x000000010338614c cxxbridge1$str$ptr + 3448408\n14  chromedriver                        0x000000010336a1a8 cxxbridge1$str$ptr + 3333812\n15  chromedriver                        0x0000000103386a0c cxxbridge1$str$ptr + 3450648\n16  chromedriver                        0x000000010335b9b4 cxxbridge1$str$ptr + 3274432\n17  chromedriver                        0x00000001033a1120 cxxbridge1$str$ptr + 3558956\n18  chromedriver                        0x00000001033a129c cxxbridge1$str$ptr + 3559336\n19  chromedriver                        0x00000001033affb4 cxxbridge1$str$ptr + 3620032\n20  libsystem_pthread.dylib             0x000000018febc2e4 _pthread_start + 136\n21  libsystem_pthread.dylib             0x000000018feb70fc thread_start + 8\n\n", "trace": "  File \"/Users/anton/python_projects/environments/lgcity/.venv/lib/python3.9/site-packages/allure_commons/_allure.py\", line 192, in impl\n    return func(*a, **kw)\n  File \"/Users/anton/python_projects/environments/lgcity/pages/base_page.py\", line 40, in click\n    element.click()\n  File \"/Users/anton/python_projects/environments/lgcity/.venv/lib/python3.9/site-packages/selenium/webdriver/remote/webelement.py\", line 94, in click\n    self._execute(Command.CLICK_ELEMENT)\n  File \"/Users/anton/python_projects/environments/lgcity/.venv/lib/python3.9/site-packages/selenium/webdriver/remote/webelement.py\", line 395, in _execute\n    return self._parent.execute(command, params)\n  File \"/Users/anton/python_projects/environments/lgcity/.venv/lib/python3.9/site-packages/selenium/webdriver/remote/webdriver.py\", line 384, in execute\n    self.error_handler.check_response(response)\n  File \"/Users/anton/python_projects/environments/lgcity/.venv/lib/python3.9/site-packages/selenium/webdriver/remote/errorhandler.py\", line 232, in check_response\n    raise exception_class(message, screen, stacktrace)\n"}, "parameters": [{"name": "locator", "value": "('id', 'btn-add-to-cart')"}], "start": 1735286323018, "stop": 1735286324094}], "start": 1735286311681, "stop": 1735286324096, "uuid": "a8782f9b-1e57-4340-bbc5-c7aa71f75899", "historyId": "eec8589d905af398693ebf581e33c746", "testCaseId": "eec8589d905af398693ebf581e33c746", "fullName": "tests.test_catalog.TestLGCity#test_lgcity_catalog", "labels": [{"name": "parentSuite", "value": "tests"}, {"name": "suite", "value": "test_catalog"}, {"name": "subSuite", "value": "TestLGCity"}, {"name": "host", "value": "MacBook-Pro-Anton.local"}, {"name": "thread", "value": "5657-MainThread"}, {"name": "framework", "value": "pytest"}, {"name": "language", "value": "cpython3"}, {"name": "package", "value": "tests.test_catalog"}]}