{"name": "test_citilink", "status": "broken", "statusDetails": {"message": "selenium.common.exceptions.TimeoutException: Message:", "trace": "browser = <selenium.webdriver.chrome.webdriver.WebDriver (session=\"bf52090182132b79779467a32e2a7056\")>\n\n    def test_citilink(browser):\n        m_video = MVideo(browser)\n        m_video.open_main_page()\n>       m_video.open_catalog_and_add_to_cart()\n\ntest_catalog.py:56: \n_ _ _ _ _ _ _ _ _ _ _ _ _ _ _ _ _ _ _ _ _ _ _ _ _ _ _ _ _ _ _ _ _ _ _ _ _ _ _ _ \n../pages/mvideo.py:53: in open_catalog_and_add_to_cart\n    self.click_random_element(self.LIST_OF_PHONES)\n../pages/base_page.py:99: in click_random_element\n    random.choice(self.find_elements(locator)).click()\n../pages/base_page.py:38: in find_elements\n    return self.wait.until(EC.visibility_of_all_elements_located(locator))\n_ _ _ _ _ _ _ _ _ _ _ _ _ _ _ _ _ _ _ _ _ _ _ _ _ _ _ _ _ _ _ _ _ _ _ _ _ _ _ _ \n\nself = <selenium.webdriver.support.wait.WebDriverWait (session=\"bf52090182132b79779467a32e2a7056\")>\nmethod = <function visibility_of_all_elements_located.<locals>._predicate at 0x1051deb80>\nmessage = ''\n\n    def until(self, method: Callable[[D], Union[Literal[False], T]], message: str = \"\") -> T:\n        \"\"\"Calls the method provided with the driver as an argument until the \\\n        return value does not evaluate to ``False``.\n    \n        :param method: callable(WebDriver)\n        :param message: optional message for :exc:`TimeoutException`\n        :returns: the result of the last call to `method`\n        :raises: :exc:`selenium.common.exceptions.TimeoutException` if timeout occurs\n        \"\"\"\n        screen = None\n        stacktrace = None\n    \n        end_time = time.monotonic() + self._timeout\n        while True:\n            try:\n                value = method(self._driver)\n                if value:\n                    return value\n            except self._ignored_exceptions as exc:\n                screen = getattr(exc, \"screen\", None)\n                stacktrace = getattr(exc, \"stacktrace\", None)\n            if time.monotonic() > end_time:\n                break\n            time.sleep(self._poll)\n>       raise TimeoutException(message, screen, stacktrace)\nE       selenium.common.exceptions.TimeoutException: Message:\n\n../.venv/lib/python3.9/site-packages/selenium/webdriver/support/wait.py:105: TimeoutException"}, "steps": [{"name": "Открытие браузера", "status": "passed", "parameters": [{"name": "url", "value": "'https://www.citilink.ru/'"}], "start": 1736922846171, "stop": 1736922847207}, {"name": "Нажатие на элемент", "status": "passed", "parameters": [{"name": "locator", "value": "('xpath', \"//span[@class='app-catalog-19y4hmw e1fnp08x0' and text()='Каталог товаров']\")"}], "start": 1736922847207, "stop": 1736922847602}, {"name": "Нажатие на элемент", "status": "passed", "parameters": [{"name": "locator", "value": "('xpath', \"//a[@class='app-catalog-yhixh0 euu8i7z0' and text()='Смартфоны и планшеты']\")"}], "start": 1736922847602, "stop": 1736922848412}, {"name": "Нажатие на элемент", "status": "passed", "parameters": [{"name": "locator", "value": "('xpath', \"//button[@class ='e4uhfkv0 app-catalog-1lxdbiq e4mggex0']\")"}], "start": 1736922848412, "stop": 1736922848475}, {"name": "Нажатие на элемент", "status": "passed", "parameters": [{"name": "locator", "value": "('xpath', \"//span[@class='app-catalog-pt72uc e66p2eb0' and text()='Смартфоны']\")"}], "start": 1736922848476, "stop": 1736922849714}, {"name": "Нажатие на ранжомный элемент", "status": "broken", "statusDetails": {"message": "selenium.common.exceptions.TimeoutException: Message: \n\n", "trace": "  File \"/Users/anton/python_projects/environments/lgcity/.venv/lib/python3.9/site-packages/allure_commons/_allure.py\", line 192, in impl\n    return func(*a, **kw)\n  File \"/Users/anton/python_projects/environments/lgcity/pages/base_page.py\", line 99, in click_random_element\n    random.choice(self.find_elements(locator)).click()\n  File \"/Users/anton/python_projects/environments/lgcity/pages/base_page.py\", line 38, in find_elements\n    return self.wait.until(EC.visibility_of_all_elements_located(locator))\n  File \"/Users/anton/python_projects/environments/lgcity/.venv/lib/python3.9/site-packages/selenium/webdriver/support/wait.py\", line 105, in until\n    raise TimeoutException(message, screen, stacktrace)\n"}, "parameters": [{"name": "locator", "value": "('xpath', \"//a[@class='app-catalog-9gnskf e1259i3g0']\")"}], "start": 1736922850718, "stop": 1736922861013}], "start": 1736922846171, "stop": 1736922861016, "uuid": "3c9b82c9-453a-42a6-8fbe-4526e53cfe7b", "historyId": "493a2ba499c2089f7e49432b9d7b051c", "testCaseId": "493a2ba499c2089f7e49432b9d7b051c", "fullName": "tests.test_catalog#test_citilink", "labels": [{"name": "parentSuite", "value": "tests"}, {"name": "suite", "value": "test_catalog"}, {"name": "host", "value": "MacBook-Pro-Anton.local"}, {"name": "thread", "value": "17861-MainThread"}, {"name": "framework", "value": "pytest"}, {"name": "language", "value": "cpython3"}, {"name": "package", "value": "tests.test_catalog"}]}