{"name": "test_weel_close", "status": "broken", "statusDetails": {"message": "selenium.common.exceptions.TimeoutException: Message:", "trace": "self = <tests.test_catalog.TestLGCity object at 0x102921b50>\nbrowser = <selenium.webdriver.chrome.webdriver.WebDriver (session=\"63b43edc45c602c7bc53bae565c7ebe7\")>\n\n    def test_weel_close(self, browser):\n        page = WeelClose(browser)\n        page.open_catalog()\n>       page.open_random_product()\n\ntest_catalog.py:28: \n_ _ _ _ _ _ _ _ _ _ _ _ _ _ _ _ _ _ _ _ _ _ _ _ _ _ _ _ _ _ _ _ _ _ _ _ _ _ _ _ \n../pages/weel_close.py:27: in open_random_product\n    WebDriverWait(self.driver, 10).until(EC.presence_of_all_elements_located((By.XPATH, \"//button[@class='close js-close']\")))\n_ _ _ _ _ _ _ _ _ _ _ _ _ _ _ _ _ _ _ _ _ _ _ _ _ _ _ _ _ _ _ _ _ _ _ _ _ _ _ _ \n\nself = <selenium.webdriver.support.wait.WebDriverWait (session=\"63b43edc45c602c7bc53bae565c7ebe7\")>\nmethod = <function presence_of_all_elements_located.<locals>._predicate at 0x102954f70>\nmessage = ''\n\n    def until(self, method: Callable[[D], Union[Literal[False], T]], message: str = \"\") -> T:\n        \"\"\"Calls the method provided with the driver as an argument until the \\\n        return value does not evaluate to ``False``.\n    \n        :param method: callable(WebDriver)\n        :param message: optional message for :exc:`TimeoutException`\n        :returns: the result of the last call to `method`\n        :raises: :exc:`selenium.common.exceptions.TimeoutException` if timeout occurs\n        \"\"\"\n        screen = None\n        stacktrace = None\n    \n        end_time = time.monotonic() + self._timeout\n        while True:\n            try:\n                value = method(self._driver)\n                if value:\n                    return value\n            except self._ignored_exceptions as exc:\n                screen = getattr(exc, \"screen\", None)\n                stacktrace = getattr(exc, \"stacktrace\", None)\n            if time.monotonic() > end_time:\n                break\n            time.sleep(self._poll)\n>       raise TimeoutException(message, screen, stacktrace)\nE       selenium.common.exceptions.TimeoutException: Message:\n\n../.venv/lib/python3.9/site-packages/selenium/webdriver/support/wait.py:105: TimeoutException"}, "steps": [{"name": "Открытие браузера", "status": "passed", "parameters": [{"name": "url", "value": "'https://lgcity.ru/outerwear/women/'"}], "start": 1735294595710, "stop": 1735294596706}, {"name": "Закрытие уведомления о Куках", "status": "passed", "start": 1735294604879, "stop": 1735294605219}, {"name": "Возврат на предидущую страницу", "status": "passed", "start": 1735294611872, "stop": 1735294612181}], "start": 1735294595710, "stop": 1735294632574, "uuid": "279e82d5-4419-41ea-b97c-131611ab2216", "historyId": "eeb8973e97f062e2ab8bed7edf1a6a5c", "testCaseId": "eeb8973e97f062e2ab8bed7edf1a6a5c", "fullName": "tests.test_catalog.TestLGCity#test_weel_close", "labels": [{"name": "parentSuite", "value": "tests"}, {"name": "suite", "value": "test_catalog"}, {"name": "subSuite", "value": "TestLGCity"}, {"name": "host", "value": "MacBook-Pro-Anton.local"}, {"name": "thread", "value": "7857-MainThread"}, {"name": "framework", "value": "pytest"}, {"name": "language", "value": "cpython3"}, {"name": "package", "value": "tests.test_catalog"}]}