{"name": "test_open_random_product", "status": "broken", "statusDetails": {"message": "selenium.common.exceptions.NoSuchElementException: Message: no such element: Unable to locate element: {\"method\":\"xpath\",\"selector\":\"//div[@class = 'card__info-price-text card__info-price-text--new']\"}\n  (Session info: chrome=131.0.6778.205); For documentation on this error, please visit: https://www.selenium.dev/documentation/webdriver/troubleshooting/errors#no-such-element-exception\nStacktrace:\n0   chromedriver                        0x00000001032c3af0 cxxbridge1$str$ptr + 3651580\n1   chromedriver                        0x00000001032bc340 cxxbridge1$str$ptr + 3620940\n2   chromedriver                        0x0000000102d244b4 cxxbridge1$string$len + 89224\n3   chromedriver                        0x0000000102d68898 cxxbridge1$string$len + 368748\n4   chromedriver                        0x0000000102da20fc cxxbridge1$string$len + 604368\n5   chromedriver                        0x0000000102d5d0b0 cxxbridge1$string$len + 321668\n6   chromedriver                        0x0000000102d5dd00 cxxbridge1$string$len + 324820\n7   chromedriver                        0x000000010328ee34 cxxbridge1$str$ptr + 3435328\n8   chromedriver                        0x000000010329214c cxxbridge1$str$ptr + 3448408\n9   chromedriver                        0x00000001032761a8 cxxbridge1$str$ptr + 3333812\n10  chromedriver                        0x0000000103292a0c cxxbridge1$str$ptr + 3450648\n11  chromedriver                        0x00000001032679b4 cxxbridge1$str$ptr + 3274432\n12  chromedriver                        0x00000001032ad120 cxxbridge1$str$ptr + 3558956\n13  chromedriver                        0x00000001032ad29c cxxbridge1$str$ptr + 3559336\n14  chromedriver                        0x00000001032bbfb4 cxxbridge1$str$ptr + 3620032\n15  libsystem_pthread.dylib             0x000000018febc2e4 _pthread_start + 136\n16  libsystem_pthread.dylib             0x000000018feb70fc thread_start + 8", "trace": "browser = <selenium.webdriver.chrome.webdriver.WebDriver (session=\"46d166ed6cb47e4bc99ebf373b423dcc\")>\n\n    def test_open_random_product(browser):\n        catalog_page = CatalogPage(browser)\n        catalog_page.open_catalog()\n>       catalog_page.open_random_product()\n\ntest_catalog.py:10: \n_ _ _ _ _ _ _ _ _ _ _ _ _ _ _ _ _ _ _ _ _ _ _ _ _ _ _ _ _ _ _ _ _ _ _ _ _ _ _ _ \n../pages/catalog_page.py:31: in open_random_product\n    price = self.driver.find_element(By.XPATH,\"//div[@class = 'card__info-price-text card__info-price-text--new']\").text\n../.venv/lib/python3.9/site-packages/selenium/webdriver/remote/webdriver.py:770: in find_element\n    return self.execute(Command.FIND_ELEMENT, {\"using\": by, \"value\": value})[\"value\"]\n../.venv/lib/python3.9/site-packages/selenium/webdriver/remote/webdriver.py:384: in execute\n    self.error_handler.check_response(response)\n_ _ _ _ _ _ _ _ _ _ _ _ _ _ _ _ _ _ _ _ _ _ _ _ _ _ _ _ _ _ _ _ _ _ _ _ _ _ _ _ \n\nself = <selenium.webdriver.remote.errorhandler.ErrorHandler object at 0x105956490>\nresponse = {'status': 404, 'value': '{\"value\":{\"error\":\"no such element\",\"message\":\"no such element: Unable to locate element: {\\...00018febc2e4 _pthread_start + 136\\\\n16  libsystem_pthread.dylib             0x000000018feb70fc thread_start + 8\\\\n\"}}'}\n\n    def check_response(self, response: Dict[str, Any]) -> None:\n        \"\"\"Checks that a JSON response from the WebDriver does not have an\n        error.\n    \n        :Args:\n         - response - The JSON response from the WebDriver server as a dictionary\n           object.\n    \n        :Raises: If the response contains an error message.\n        \"\"\"\n        status = response.get(\"status\", None)\n        if not status or status == ErrorCode.SUCCESS:\n            return\n        value = None\n        message = response.get(\"message\", \"\")\n        screen: str = response.get(\"screen\", \"\")\n        stacktrace = None\n        if isinstance(status, int):\n            value_json = response.get(\"value\", None)\n            if value_json and isinstance(value_json, str):\n                import json\n    \n                try:\n                    value = json.loads(value_json)\n                    if len(value) == 1:\n                        value = value[\"value\"]\n                    status = value.get(\"error\", None)\n                    if not status:\n                        status = value.get(\"status\", ErrorCode.UNKNOWN_ERROR)\n                        message = value.get(\"value\") or value.get(\"message\")\n                        if not isinstance(message, str):\n                            value = message\n                            message = message.get(\"message\")\n                    else:\n                        message = value.get(\"message\", None)\n                except ValueError:\n                    pass\n    \n        exception_class: Type[WebDriverException]\n        e = ErrorCode()\n        error_codes = [item for item in dir(e) if not item.startswith(\"__\")]\n        for error_code in error_codes:\n            error_info = getattr(ErrorCode, error_code)\n            if isinstance(error_info, list) and status in error_info:\n                exception_class = getattr(ExceptionMapping, error_code, WebDriverException)\n                break\n        else:\n            exception_class = WebDriverException\n    \n        if not value:\n            value = response[\"value\"]\n        if isinstance(value, str):\n            raise exception_class(value)\n        if message == \"\" and \"message\" in value:\n            message = value[\"message\"]\n    \n        screen = None  # type: ignore[assignment]\n        if \"screen\" in value:\n            screen = value[\"screen\"]\n    \n        stacktrace = None\n        st_value = value.get(\"stackTrace\") or value.get(\"stacktrace\")\n        if st_value:\n            if isinstance(st_value, str):\n                stacktrace = st_value.split(\"\\n\")\n            else:\n                stacktrace = []\n                try:\n                    for frame in st_value:\n                        line = frame.get(\"lineNumber\", \"\")\n                        file = frame.get(\"fileName\", \"<anonymous>\")\n                        if line:\n                            file = f\"{file}:{line}\"\n                        meth = frame.get(\"methodName\", \"<anonymous>\")\n                        if \"className\" in frame:\n                            meth = f\"{frame['className']}.{meth}\"\n                        msg = \"    at %s (%s)\"\n                        msg = msg % (meth, file)\n                        stacktrace.append(msg)\n                except TypeError:\n                    pass\n        if exception_class == UnexpectedAlertPresentException:\n            alert_text = None\n            if \"data\" in value:\n                alert_text = value[\"data\"].get(\"text\")\n            elif \"alert\" in value:\n                alert_text = value[\"alert\"].get(\"text\")\n            raise exception_class(message, screen, stacktrace, alert_text)  # type: ignore[call-arg]  # mypy is not smart enough here\n>       raise exception_class(message, screen, stacktrace)\nE       selenium.common.exceptions.NoSuchElementException: Message: no such element: Unable to locate element: {\"method\":\"xpath\",\"selector\":\"//div[@class = 'card__info-price-text card__info-price-text--new']\"}\nE         (Session info: chrome=131.0.6778.205); For documentation on this error, please visit: https://www.selenium.dev/documentation/webdriver/troubleshooting/errors#no-such-element-exception\nE       Stacktrace:\nE       0   chromedriver                        0x00000001032c3af0 cxxbridge1$str$ptr + 3651580\nE       1   chromedriver                        0x00000001032bc340 cxxbridge1$str$ptr + 3620940\nE       2   chromedriver                        0x0000000102d244b4 cxxbridge1$string$len + 89224\nE       3   chromedriver                        0x0000000102d68898 cxxbridge1$string$len + 368748\nE       4   chromedriver                        0x0000000102da20fc cxxbridge1$string$len + 604368\nE       5   chromedriver                        0x0000000102d5d0b0 cxxbridge1$string$len + 321668\nE       6   chromedriver                        0x0000000102d5dd00 cxxbridge1$string$len + 324820\nE       7   chromedriver                        0x000000010328ee34 cxxbridge1$str$ptr + 3435328\nE       8   chromedriver                        0x000000010329214c cxxbridge1$str$ptr + 3448408\nE       9   chromedriver                        0x00000001032761a8 cxxbridge1$str$ptr + 3333812\nE       10  chromedriver                        0x0000000103292a0c cxxbridge1$str$ptr + 3450648\nE       11  chromedriver                        0x00000001032679b4 cxxbridge1$str$ptr + 3274432\nE       12  chromedriver                        0x00000001032ad120 cxxbridge1$str$ptr + 3558956\nE       13  chromedriver                        0x00000001032ad29c cxxbridge1$str$ptr + 3559336\nE       14  chromedriver                        0x00000001032bbfb4 cxxbridge1$str$ptr + 3620032\nE       15  libsystem_pthread.dylib             0x000000018febc2e4 _pthread_start + 136\nE       16  libsystem_pthread.dylib             0x000000018feb70fc thread_start + 8\n\n../.venv/lib/python3.9/site-packages/selenium/webdriver/remote/errorhandler.py:232: NoSuchElementException"}, "steps": [{"name": "Открытие каталога", "status": "passed", "steps": [{"name": "Открытие браузера", "status": "passed", "parameters": [{"name": "url", "value": "'https://lgcity.ru/underwear/thongs/women/'"}], "start": 1735287293759, "stop": 1735287294647}], "start": 1735287293759, "stop": 1735287294647}, {"name": "Открытие рандомной карточки товара", "status": "broken", "statusDetails": {"message": "selenium.common.exceptions.NoSuchElementException: Message: no such element: Unable to locate element: {\"method\":\"xpath\",\"selector\":\"//div[@class = 'card__info-price-text card__info-price-text--new']\"}\n  (Session info: chrome=131.0.6778.205); For documentation on this error, please visit: https://www.selenium.dev/documentation/webdriver/troubleshooting/errors#no-such-element-exception\nStacktrace:\n0   chromedriver                        0x00000001032c3af0 cxxbridge1$str$ptr + 3651580\n1   chromedriver                        0x00000001032bc340 cxxbridge1$str$ptr + 3620940\n2   chromedriver                        0x0000000102d244b4 cxxbridge1$string$len + 89224\n3   chromedriver                        0x0000000102d68898 cxxbridge1$string$len + 368748\n4   chromedriver                        0x0000000102da20fc cxxbridge1$string$len + 604368\n5   chromedriver                        0x0000000102d5d0b0 cxxbridge1$string$len + 321668\n6   chromedriver                        0x0000000102d5dd00 cxxbridge1$string$len + 324820\n7   chromedriver                        0x000000010328ee34 cxxbridge1$str$ptr + 3435328\n8   chromedriver                        0x000000010329214c cxxbridge1$str$ptr + 3448408\n9   chromedriver                        0x00000001032761a8 cxxbridge1$str$ptr + 3333812\n10  chromedriver                        0x0000000103292a0c cxxbridge1$str$ptr + 3450648\n11  chromedriver                        0x00000001032679b4 cxxbridge1$str$ptr + 3274432\n12  chromedriver                        0x00000001032ad120 cxxbridge1$str$ptr + 3558956\n13  chromedriver                        0x00000001032ad29c cxxbridge1$str$ptr + 3559336\n14  chromedriver                        0x00000001032bbfb4 cxxbridge1$str$ptr + 3620032\n15  libsystem_pthread.dylib             0x000000018febc2e4 _pthread_start + 136\n16  libsystem_pthread.dylib             0x000000018feb70fc thread_start + 8\n\n", "trace": "  File \"/Users/anton/python_projects/environments/lgcity/.venv/lib/python3.9/site-packages/allure_commons/_allure.py\", line 192, in impl\n    return func(*a, **kw)\n  File \"/Users/anton/python_projects/environments/lgcity/pages/catalog_page.py\", line 31, in open_random_product\n    price = self.driver.find_element(By.XPATH,\"//div[@class = 'card__info-price-text card__info-price-text--new']\").text\n  File \"/Users/anton/python_projects/environments/lgcity/.venv/lib/python3.9/site-packages/selenium/webdriver/remote/webdriver.py\", line 770, in find_element\n    return self.execute(Command.FIND_ELEMENT, {\"using\": by, \"value\": value})[\"value\"]\n  File \"/Users/anton/python_projects/environments/lgcity/.venv/lib/python3.9/site-packages/selenium/webdriver/remote/webdriver.py\", line 384, in execute\n    self.error_handler.check_response(response)\n  File \"/Users/anton/python_projects/environments/lgcity/.venv/lib/python3.9/site-packages/selenium/webdriver/remote/errorhandler.py\", line 232, in check_response\n    raise exception_class(message, screen, stacktrace)\n"}, "steps": [{"name": "Закрытие уведомления о Куках", "status": "passed", "start": 1735287305473, "stop": 1735287305537}], "start": 1735287294647, "stop": 1735287310739}], "start": 1735287293758, "stop": 1735287310746, "uuid": "538baf97-d14a-496e-bbfe-4e70e40cbc55", "historyId": "4439ee7fea29a1a320b14db26187fbea", "testCaseId": "4439ee7fea29a1a320b14db26187fbea", "fullName": "tests.test_catalog#test_open_random_product", "labels": [{"name": "parentSuite", "value": "tests"}, {"name": "suite", "value": "test_catalog"}, {"name": "host", "value": "MacBook-Pro-Anton.local"}, {"name": "thread", "value": "6413-MainThread"}, {"name": "framework", "value": "pytest"}, {"name": "language", "value": "cpython3"}, {"name": "package", "value": "tests.test_catalog"}]}